mode: set
github.com/agentstation/vhs/examples/neofetch/colorize-ascii.go:18.13,28.26 3 0
github.com/agentstation/vhs/examples/neofetch/colorize-ascii.go:28.26,32.3 3 0
github.com/agentstation/vhs/examples/neofetch/colorize-ascii.go:34.2,34.23 1 0
github.com/agentstation/vhs/examples/neofetch/colorize-ascii.go:37.35,39.2 1 0
github.com/agentstation/vhs/examples/neofetch/colorize-ascii.go:41.34,42.16 1 0
github.com/agentstation/vhs/examples/neofetch/colorize-ascii.go:42.16,44.3 1 0
github.com/agentstation/vhs/examples/neofetch/colorize-ascii.go:45.2,45.31 1 0
github.com/agentstation/vhs/lexer/lexer.go:17.31,21.2 3 1
github.com/agentstation/vhs/lexer/lexer.go:24.28,29.2 4 1
github.com/agentstation/vhs/lexer/lexer.go:32.41,37.14 3 1
github.com/agentstation/vhs/lexer/lexer.go:38.9,39.36 1 0
github.com/agentstation/vhs/lexer/lexer.go:40.11,42.15 2 1
github.com/agentstation/vhs/lexer/lexer.go:43.11,45.15 2 0
github.com/agentstation/vhs/lexer/lexer.go:46.11,48.15 2 1
github.com/agentstation/vhs/lexer/lexer.go:49.11,51.15 2 1
github.com/agentstation/vhs/lexer/lexer.go:52.11,54.15 2 0
github.com/agentstation/vhs/lexer/lexer.go:55.11,57.15 2 1
github.com/agentstation/vhs/lexer/lexer.go:58.11,60.15 2 0
github.com/agentstation/vhs/lexer/lexer.go:61.12,63.15 2 1
github.com/agentstation/vhs/lexer/lexer.go:64.11,66.32 2 1
github.com/agentstation/vhs/lexer/lexer.go:67.11,69.15 2 1
github.com/agentstation/vhs/lexer/lexer.go:70.11,73.15 3 1
github.com/agentstation/vhs/lexer/lexer.go:74.11,77.15 3 1
github.com/agentstation/vhs/lexer/lexer.go:78.12,81.15 3 1
github.com/agentstation/vhs/lexer/lexer.go:82.11,85.15 3 1
github.com/agentstation/vhs/lexer/lexer.go:86.11,89.15 3 1
github.com/agentstation/vhs/lexer/lexer.go:90.10,91.62 1 1
github.com/agentstation/vhs/lexer/lexer.go:91.62,94.4 2 1
github.com/agentstation/vhs/lexer/lexer.go:94.9,94.43 1 1
github.com/agentstation/vhs/lexer/lexer.go:94.43,97.4 2 1
github.com/agentstation/vhs/lexer/lexer.go:97.9,100.4 2 0
github.com/agentstation/vhs/lexer/lexer.go:102.2,102.12 1 1
github.com/agentstation/vhs/lexer/lexer.go:106.69,114.2 2 1
github.com/agentstation/vhs/lexer/lexer.go:118.38,120.6 2 1
github.com/agentstation/vhs/lexer/lexer.go:120.6,122.35 2 1
github.com/agentstation/vhs/lexer/lexer.go:122.35,123.9 1 1
github.com/agentstation/vhs/lexer/lexer.go:128.2,128.27 1 1
github.com/agentstation/vhs/lexer/lexer.go:133.49,135.6 2 1
github.com/agentstation/vhs/lexer/lexer.go:135.6,137.54 2 1
github.com/agentstation/vhs/lexer/lexer.go:137.54,138.9 1 1
github.com/agentstation/vhs/lexer/lexer.go:141.2,141.27 1 1
github.com/agentstation/vhs/lexer/lexer.go:146.35,148.6 2 1
github.com/agentstation/vhs/lexer/lexer.go:148.6,150.31 2 1
github.com/agentstation/vhs/lexer/lexer.go:150.31,151.9 1 1
github.com/agentstation/vhs/lexer/lexer.go:154.2,154.27 1 1
github.com/agentstation/vhs/lexer/lexer.go:159.37,161.35 2 1
github.com/agentstation/vhs/lexer/lexer.go:161.35,163.3 1 1
github.com/agentstation/vhs/lexer/lexer.go:164.2,164.27 1 1
github.com/agentstation/vhs/lexer/lexer.go:169.41,171.127 2 1
github.com/agentstation/vhs/lexer/lexer.go:171.127,173.3 1 1
github.com/agentstation/vhs/lexer/lexer.go:174.2,174.27 1 1
github.com/agentstation/vhs/lexer/lexer.go:180.34,181.25 1 1
github.com/agentstation/vhs/lexer/lexer.go:181.25,184.19 1 1
github.com/agentstation/vhs/lexer/lexer.go:184.19,187.4 2 1
github.com/agentstation/vhs/lexer/lexer.go:188.3,188.15 1 1
github.com/agentstation/vhs/lexer/lexer.go:193.26,195.2 1 1
github.com/agentstation/vhs/lexer/lexer.go:198.27,200.2 1 1
github.com/agentstation/vhs/lexer/lexer.go:203.33,205.2 1 1
github.com/agentstation/vhs/lexer/lexer.go:208.30,210.2 1 1
github.com/agentstation/vhs/lexer/lexer.go:213.28,215.2 1 1
github.com/agentstation/vhs/lexer/lexer.go:218.29,220.2 1 1
github.com/agentstation/vhs/lexer/lexer.go:223.28,225.2 1 1
github.com/agentstation/vhs/lexer/lexer.go:228.33,230.2 1 1
github.com/agentstation/vhs/lexer/lexer.go:236.30,238.2 1 1
github.com/agentstation/vhs/lexer/lexer.go:241.33,242.31 1 1
github.com/agentstation/vhs/lexer/lexer.go:242.31,244.3 1 1
github.com/agentstation/vhs/lexer/lexer.go:245.2,245.27 1 1
github.com/agentstation/vhs/command.go:20.46,22.16 2 0
github.com/agentstation/vhs/command.go:22.16,24.3 1 0
github.com/agentstation/vhs/command.go:26.2,26.48 1 0
github.com/agentstation/vhs/command.go:26.48,28.17 2 0
github.com/agentstation/vhs/command.go:28.17,30.4 1 0
github.com/agentstation/vhs/command.go:33.2,33.12 1 0
github.com/agentstation/vhs/command.go:76.50,76.64 1 0
github.com/agentstation/vhs/command.go:84.42,85.46 1 1
github.com/agentstation/vhs/command.go:85.46,87.17 2 0
github.com/agentstation/vhs/command.go:87.17,89.4 1 0
github.com/agentstation/vhs/command.go:90.3,91.17 2 0
github.com/agentstation/vhs/command.go:91.17,93.4 1 0
github.com/agentstation/vhs/command.go:94.3,94.31 1 0
github.com/agentstation/vhs/command.go:94.31,96.18 2 0
github.com/agentstation/vhs/command.go:96.18,98.5 1 0
github.com/agentstation/vhs/command.go:99.4,99.27 1 0
github.com/agentstation/vhs/command.go:102.3,102.13 1 0
github.com/agentstation/vhs/command.go:110.50,113.8 3 0
github.com/agentstation/vhs/command.go:113.8,116.3 1 0
github.com/agentstation/vhs/command.go:118.2,119.21 2 0
github.com/agentstation/vhs/command.go:119.21,121.17 2 0
github.com/agentstation/vhs/command.go:121.17,124.4 1 0
github.com/agentstation/vhs/command.go:125.3,125.14 1 0
github.com/agentstation/vhs/command.go:128.2,133.6 5 0
github.com/agentstation/vhs/command.go:133.6,135.16 2 0
github.com/agentstation/vhs/command.go:136.15,138.18 2 0
github.com/agentstation/vhs/command.go:138.18,140.5 1 0
github.com/agentstation/vhs/command.go:141.4,143.28 2 0
github.com/agentstation/vhs/command.go:143.28,145.5 1 0
github.com/agentstation/vhs/command.go:146.17,148.18 2 0
github.com/agentstation/vhs/command.go:148.18,150.5 1 0
github.com/agentstation/vhs/command.go:151.4,153.28 2 0
github.com/agentstation/vhs/command.go:153.28,155.5 1 0
github.com/agentstation/vhs/command.go:156.11,159.48 1 0
github.com/agentstation/vhs/command.go:162.3,162.10 1 0
github.com/agentstation/vhs/command.go:163.19,164.12 1 0
github.com/agentstation/vhs/command.go:165.21,166.106 1 0
github.com/agentstation/vhs/command.go:173.50,178.27 3 0
github.com/agentstation/vhs/command.go:178.27,181.14 2 0
github.com/agentstation/vhs/command.go:182.16,183.31 1 0
github.com/agentstation/vhs/command.go:184.14,185.29 1 0
github.com/agentstation/vhs/command.go:186.16,187.27 1 0
github.com/agentstation/vhs/command.go:188.16,189.27 1 0
github.com/agentstation/vhs/command.go:190.20,191.31 1 0
github.com/agentstation/vhs/command.go:192.11,194.30 2 0
github.com/agentstation/vhs/command.go:194.30,196.5 1 0
github.com/agentstation/vhs/command.go:200.3,200.22 1 0
github.com/agentstation/vhs/command.go:200.22,201.24 1 0
github.com/agentstation/vhs/command.go:201.24,203.5 1 0
github.com/agentstation/vhs/command.go:203.10,206.5 1 0
github.com/agentstation/vhs/command.go:210.2,211.16 2 0
github.com/agentstation/vhs/command.go:211.16,213.3 1 0
github.com/agentstation/vhs/command.go:215.2,215.12 1 0
github.com/agentstation/vhs/command.go:220.49,222.16 2 0
github.com/agentstation/vhs/command.go:222.16,224.3 1 0
github.com/agentstation/vhs/command.go:225.2,225.41 1 0
github.com/agentstation/vhs/command.go:225.41,226.12 1 0
github.com/agentstation/vhs/command.go:227.20,229.18 2 0
github.com/agentstation/vhs/command.go:229.18,231.5 1 0
github.com/agentstation/vhs/command.go:232.18,234.18 2 0
github.com/agentstation/vhs/command.go:234.18,236.5 1 0
github.com/agentstation/vhs/command.go:238.8,239.28 1 0
github.com/agentstation/vhs/command.go:239.28,240.30 1 0
github.com/agentstation/vhs/command.go:240.30,242.19 2 0
github.com/agentstation/vhs/command.go:242.19,244.6 1 0
github.com/agentstation/vhs/command.go:249.2,250.16 2 0
github.com/agentstation/vhs/command.go:250.16,252.3 1 0
github.com/agentstation/vhs/command.go:254.2,254.12 1 0
github.com/agentstation/vhs/command.go:259.51,261.16 2 0
github.com/agentstation/vhs/command.go:261.16,263.3 1 0
github.com/agentstation/vhs/command.go:265.2,265.41 1 0
github.com/agentstation/vhs/command.go:265.41,266.12 1 0
github.com/agentstation/vhs/command.go:267.20,269.18 2 0
github.com/agentstation/vhs/command.go:269.18,271.5 1 0
github.com/agentstation/vhs/command.go:272.18,274.18 2 0
github.com/agentstation/vhs/command.go:274.18,276.5 1 0
github.com/agentstation/vhs/command.go:278.8,279.28 1 0
github.com/agentstation/vhs/command.go:279.28,280.30 1 0
github.com/agentstation/vhs/command.go:280.30,282.19 2 0
github.com/agentstation/vhs/command.go:282.19,284.6 1 0
github.com/agentstation/vhs/command.go:289.2,290.16 2 0
github.com/agentstation/vhs/command.go:290.16,292.3 1 0
github.com/agentstation/vhs/command.go:294.2,294.12 1 0
github.com/agentstation/vhs/command.go:298.50,301.2 2 0
github.com/agentstation/vhs/command.go:305.53,308.2 2 0
github.com/agentstation/vhs/command.go:311.50,314.2 2 0
github.com/agentstation/vhs/command.go:318.51,320.16 2 0
github.com/agentstation/vhs/command.go:320.16,322.3 1 0
github.com/agentstation/vhs/command.go:323.2,324.12 2 0
github.com/agentstation/vhs/command.go:328.50,330.21 2 0
github.com/agentstation/vhs/command.go:330.21,333.17 3 0
github.com/agentstation/vhs/command.go:333.17,335.4 1 0
github.com/agentstation/vhs/command.go:337.2,337.27 1 0
github.com/agentstation/vhs/command.go:337.27,339.9 2 0
github.com/agentstation/vhs/command.go:339.9,341.18 2 0
github.com/agentstation/vhs/command.go:341.18,343.5 1 0
github.com/agentstation/vhs/command.go:344.9,346.18 2 0
github.com/agentstation/vhs/command.go:346.18,348.5 1 0
github.com/agentstation/vhs/command.go:350.4,350.25 1 0
github.com/agentstation/vhs/command.go:352.3,352.26 1 0
github.com/agentstation/vhs/command.go:355.2,355.12 1 0
github.com/agentstation/vhs/command.go:359.52,360.19 1 0
github.com/agentstation/vhs/command.go:361.14,362.38 1 0
github.com/agentstation/vhs/command.go:363.33,364.33 1 0
github.com/agentstation/vhs/command.go:365.14,366.41 1 0
github.com/agentstation/vhs/command.go:367.15,368.39 1 0
github.com/agentstation/vhs/command.go:369.14,370.38 1 0
github.com/agentstation/vhs/command.go:371.10,372.38 1 0
github.com/agentstation/vhs/command.go:375.2,375.12 1 0
github.com/agentstation/vhs/command.go:379.50,381.2 1 0
github.com/agentstation/vhs/command.go:384.49,386.2 1 0
github.com/agentstation/vhs/command.go:389.51,391.16 2 0
github.com/agentstation/vhs/command.go:391.16,393.3 1 0
github.com/agentstation/vhs/command.go:394.2,394.25 1 0
github.com/agentstation/vhs/command.go:394.25,396.9 2 0
github.com/agentstation/vhs/command.go:396.9,398.18 2 0
github.com/agentstation/vhs/command.go:398.18,400.5 1 0
github.com/agentstation/vhs/command.go:401.9,403.18 2 0
github.com/agentstation/vhs/command.go:403.18,405.5 1 0
github.com/agentstation/vhs/command.go:406.4,406.25 1 0
github.com/agentstation/vhs/command.go:410.2,410.12 1 0
github.com/agentstation/vhs/command.go:443.49,445.2 1 0
github.com/agentstation/vhs/command.go:448.57,450.16 2 0
github.com/agentstation/vhs/command.go:450.16,452.3 1 0
github.com/agentstation/vhs/command.go:453.2,455.16 3 0
github.com/agentstation/vhs/command.go:455.16,457.3 1 0
github.com/agentstation/vhs/command.go:463.2,464.16 2 0
github.com/agentstation/vhs/command.go:464.16,466.3 1 0
github.com/agentstation/vhs/command.go:468.2,468.12 1 0
github.com/agentstation/vhs/command.go:472.59,475.16 3 0
github.com/agentstation/vhs/command.go:475.16,477.3 1 0
github.com/agentstation/vhs/command.go:479.2,479.12 1 0
github.com/agentstation/vhs/command.go:483.55,485.16 2 0
github.com/agentstation/vhs/command.go:485.16,487.3 1 0
github.com/agentstation/vhs/command.go:488.2,490.12 2 0
github.com/agentstation/vhs/command.go:494.54,496.16 2 0
github.com/agentstation/vhs/command.go:496.16,498.3 1 0
github.com/agentstation/vhs/command.go:499.2,501.12 2 0
github.com/agentstation/vhs/command.go:505.54,507.9 2 0
github.com/agentstation/vhs/command.go:507.9,509.3 1 0
github.com/agentstation/vhs/command.go:511.2,512.12 2 0
github.com/agentstation/vhs/command.go:522.62,524.16 2 0
github.com/agentstation/vhs/command.go:524.16,526.3 1 0
github.com/agentstation/vhs/command.go:528.2,530.16 3 0
github.com/agentstation/vhs/command.go:530.16,532.3 1 0
github.com/agentstation/vhs/command.go:534.2,534.12 1 0
github.com/agentstation/vhs/command.go:538.59,540.16 2 0
github.com/agentstation/vhs/command.go:540.16,542.3 1 0
github.com/agentstation/vhs/command.go:544.2,546.16 3 0
github.com/agentstation/vhs/command.go:546.16,548.3 1 0
github.com/agentstation/vhs/command.go:550.2,550.12 1 0
github.com/agentstation/vhs/command.go:554.54,557.16 3 0
github.com/agentstation/vhs/command.go:557.16,559.3 1 0
github.com/agentstation/vhs/command.go:561.2,562.16 2 0
github.com/agentstation/vhs/command.go:562.16,564.3 1 0
github.com/agentstation/vhs/command.go:566.2,567.16 2 0
github.com/agentstation/vhs/command.go:567.16,569.3 1 0
github.com/agentstation/vhs/command.go:571.2,574.12 3 0
github.com/agentstation/vhs/command.go:578.60,580.16 2 0
github.com/agentstation/vhs/command.go:580.16,582.3 1 0
github.com/agentstation/vhs/command.go:584.2,585.12 2 0
github.com/agentstation/vhs/command.go:589.60,591.16 2 0
github.com/agentstation/vhs/command.go:591.16,593.3 1 0
github.com/agentstation/vhs/command.go:594.2,595.12 2 0
github.com/agentstation/vhs/command.go:599.60,601.16 2 0
github.com/agentstation/vhs/command.go:601.16,603.3 1 0
github.com/agentstation/vhs/command.go:604.2,605.12 2 0
github.com/agentstation/vhs/command.go:609.56,611.16 2 0
github.com/agentstation/vhs/command.go:611.16,613.3 1 0
github.com/agentstation/vhs/command.go:615.2,616.12 2 0
github.com/agentstation/vhs/command.go:620.58,622.16 2 0
github.com/agentstation/vhs/command.go:622.16,624.3 1 0
github.com/agentstation/vhs/command.go:626.2,627.12 2 0
github.com/agentstation/vhs/command.go:631.62,633.16 2 0
github.com/agentstation/vhs/command.go:633.16,635.3 1 0
github.com/agentstation/vhs/command.go:637.2,638.12 2 0
github.com/agentstation/vhs/command.go:642.56,644.16 2 0
github.com/agentstation/vhs/command.go:644.16,646.3 1 0
github.com/agentstation/vhs/command.go:648.2,649.12 2 0
github.com/agentstation/vhs/command.go:653.59,656.2 2 0
github.com/agentstation/vhs/command.go:659.55,661.16 2 0
github.com/agentstation/vhs/command.go:661.16,663.3 1 0
github.com/agentstation/vhs/command.go:665.2,666.12 2 0
github.com/agentstation/vhs/command.go:670.58,673.2 2 0
github.com/agentstation/vhs/command.go:676.62,678.16 2 0
github.com/agentstation/vhs/command.go:678.16,680.3 1 0
github.com/agentstation/vhs/command.go:682.2,683.12 2 0
github.com/agentstation/vhs/command.go:687.63,690.2 2 0
github.com/agentstation/vhs/command.go:693.68,696.2 2 0
github.com/agentstation/vhs/command.go:699.66,701.16 2 0
github.com/agentstation/vhs/command.go:701.16,703.3 1 0
github.com/agentstation/vhs/command.go:704.2,705.12 2 0
github.com/agentstation/vhs/command.go:709.61,711.16 2 0
github.com/agentstation/vhs/command.go:711.16,713.3 1 0
github.com/agentstation/vhs/command.go:715.2,716.12 2 0
github.com/agentstation/vhs/command.go:720.60,723.16 3 0
github.com/agentstation/vhs/command.go:723.16,725.3 1 0
github.com/agentstation/vhs/command.go:727.2,727.12 1 0
github.com/agentstation/vhs/command.go:731.56,734.2 2 0
github.com/agentstation/vhs/command.go:736.40,737.32 1 1
github.com/agentstation/vhs/command.go:737.32,739.3 1 1
github.com/agentstation/vhs/command.go:740.2,740.14 1 1
github.com/agentstation/vhs/command.go:741.11,742.25 1 1
github.com/agentstation/vhs/command.go:743.10,744.22 1 1
github.com/agentstation/vhs/command.go:748.44,750.54 2 1
github.com/agentstation/vhs/command.go:750.54,752.3 1 1
github.com/agentstation/vhs/command.go:753.2,753.15 1 1
github.com/agentstation/vhs/draw.go:23.43,25.2 1 0
github.com/agentstation/vhs/draw.go:27.43,34.2 1 0
github.com/agentstation/vhs/draw.go:41.24,41.53 1 0
github.com/agentstation/vhs/draw.go:42.24,42.53 1 0
github.com/agentstation/vhs/draw.go:44.43,56.14 5 0
github.com/agentstation/vhs/draw.go:56.14,59.3 1 0
github.com/agentstation/vhs/draw.go:59.8,59.22 1 0
github.com/agentstation/vhs/draw.go:59.22,65.3 1 0
github.com/agentstation/vhs/draw.go:69.2,69.26 1 0
github.com/agentstation/vhs/draw.go:77.41,79.2 1 0
github.com/agentstation/vhs/draw.go:81.41,83.2 1 0
github.com/agentstation/vhs/draw.go:85.41,89.16 1 0
github.com/agentstation/vhs/draw.go:89.16,91.3 1 0
github.com/agentstation/vhs/draw.go:92.2,92.26 1 0
github.com/agentstation/vhs/draw.go:101.48,103.2 1 0
github.com/agentstation/vhs/draw.go:105.48,107.2 1 0
github.com/agentstation/vhs/draw.go:109.48,114.25 1 0
github.com/agentstation/vhs/draw.go:114.25,127.3 2 0
github.com/agentstation/vhs/draw.go:130.2,133.25 1 0
github.com/agentstation/vhs/draw.go:133.25,142.3 2 0
github.com/agentstation/vhs/draw.go:145.2,148.16 1 0
github.com/agentstation/vhs/draw.go:148.16,157.3 2 0
github.com/agentstation/vhs/draw.go:160.2,163.16 1 0
github.com/agentstation/vhs/draw.go:163.16,172.3 2 0
github.com/agentstation/vhs/draw.go:174.2,174.27 1 0
github.com/agentstation/vhs/draw.go:178.72,201.16 5 0
github.com/agentstation/vhs/draw.go:201.16,203.3 1 0
github.com/agentstation/vhs/draw.go:203.8,205.3 1 0
github.com/agentstation/vhs/draw.go:207.2,207.16 1 0
github.com/agentstation/vhs/draw.go:207.16,209.3 1 0
github.com/agentstation/vhs/draw.go:213.79,215.24 2 0
github.com/agentstation/vhs/draw.go:216.18,217.66 1 0
github.com/agentstation/vhs/draw.go:218.23,219.65 1 0
github.com/agentstation/vhs/draw.go:220.15,221.62 1 0
github.com/agentstation/vhs/draw.go:222.20,223.61 1 0
github.com/agentstation/vhs/draw.go:226.2,226.16 1 0
github.com/agentstation/vhs/draw.go:226.16,228.3 1 0
github.com/agentstation/vhs/draw.go:236.110,262.13 13 0
github.com/agentstation/vhs/draw.go:262.13,266.3 3 0
github.com/agentstation/vhs/draw.go:266.8,270.3 3 0
github.com/agentstation/vhs/draw.go:272.2,312.16 7 0
github.com/agentstation/vhs/draw.go:312.16,314.3 1 0
github.com/agentstation/vhs/draw.go:314.8,316.3 1 0
github.com/agentstation/vhs/draw.go:317.2,317.12 1 0
github.com/agentstation/vhs/draw.go:320.106,350.26 12 0
github.com/agentstation/vhs/draw.go:350.26,352.14 2 0
github.com/agentstation/vhs/draw.go:352.14,357.4 1 0
github.com/agentstation/vhs/draw.go:357.9,362.4 1 0
github.com/agentstation/vhs/draw.go:364.3,382.4 2 0
github.com/agentstation/vhs/draw.go:386.2,389.16 3 0
github.com/agentstation/vhs/draw.go:389.16,391.3 1 0
github.com/agentstation/vhs/draw.go:391.8,393.3 1 0
github.com/agentstation/vhs/draw.go:394.2,394.12 1 0
github.com/agentstation/vhs/draw.go:398.56,400.16 2 0
github.com/agentstation/vhs/draw.go:401.9,402.60 1 0
github.com/agentstation/vhs/draw.go:403.9,404.59 1 0
github.com/agentstation/vhs/draw.go:405.9,410.12 4 0
github.com/agentstation/vhs/draw.go:411.9,416.12 4 0
github.com/agentstation/vhs/draw.go:417.10,418.52 1 0
github.com/agentstation/vhs/draw.go:420.2,420.8 1 0
github.com/agentstation/vhs/draw.go:424.60,425.31 1 0
github.com/agentstation/vhs/draw.go:425.31,427.3 1 0
github.com/agentstation/vhs/draw.go:430.2,431.19 2 0
github.com/agentstation/vhs/draw.go:431.19,433.3 1 0
github.com/agentstation/vhs/draw.go:436.2,437.22 2 0
github.com/agentstation/vhs/draw.go:437.22,439.3 1 0
github.com/agentstation/vhs/draw.go:441.2,444.64 4 0
github.com/agentstation/vhs/error.go:16.44,18.2 1 0
github.com/agentstation/vhs/error.go:26.30,28.2 1 0
github.com/agentstation/vhs/error.go:31.34,33.2 1 0
github.com/agentstation/vhs/error.go:35.63,43.2 6 0
github.com/agentstation/vhs/error.go:45.60,46.27 1 0
github.com/agentstation/vhs/error.go:46.27,47.28 1 0
github.com/agentstation/vhs/error.go:48.27,49.33 1 0
github.com/agentstation/vhs/error.go:49.33,51.5 1 0
github.com/agentstation/vhs/error.go:52.4,52.60 1 0
github.com/agentstation/vhs/error.go:54.11,55.60 1 0
github.com/agentstation/vhs/evaluator.go:20.57,21.22 1 0
github.com/agentstation/vhs/evaluator.go:21.22,23.3 1 0
github.com/agentstation/vhs/evaluator.go:27.51,28.22 1 0
github.com/agentstation/vhs/evaluator.go:28.22,30.3 1 0
github.com/agentstation/vhs/evaluator.go:35.97,41.38 5 0
github.com/agentstation/vhs/evaluator.go:41.38,43.3 1 0
github.com/agentstation/vhs/evaluator.go:45.2,49.27 2 0
github.com/agentstation/vhs/evaluator.go:49.27,51.3 1 0
github.com/agentstation/vhs/evaluator.go:53.2,53.27 1 0
github.com/agentstation/vhs/evaluator.go:53.27,54.79 1 0
github.com/agentstation/vhs/evaluator.go:54.79,56.18 2 0
github.com/agentstation/vhs/evaluator.go:56.18,58.5 1 0
github.com/agentstation/vhs/evaluator.go:63.2,63.34 1 0
github.com/agentstation/vhs/evaluator.go:63.34,65.3 1 0
github.com/agentstation/vhs/evaluator.go:66.2,66.15 1 0
github.com/agentstation/vhs/evaluator.go:66.15,66.32 1 0
github.com/agentstation/vhs/evaluator.go:71.2,72.16 2 0
github.com/agentstation/vhs/evaluator.go:72.16,74.3 1 0
github.com/agentstation/vhs/evaluator.go:76.2,77.27 2 0
github.com/agentstation/vhs/evaluator.go:77.27,78.85 1 0
github.com/agentstation/vhs/evaluator.go:78.85,80.30 2 0
github.com/agentstation/vhs/evaluator.go:80.30,82.19 2 0
github.com/agentstation/vhs/evaluator.go:82.19,84.6 1 0
github.com/agentstation/vhs/evaluator.go:86.9,88.9 2 0
github.com/agentstation/vhs/evaluator.go:93.2,96.33 4 0
github.com/agentstation/vhs/evaluator.go:96.33,98.3 1 0
github.com/agentstation/vhs/evaluator.go:99.2,99.68 1 0
github.com/agentstation/vhs/evaluator.go:99.68,108.3 1 0
github.com/agentstation/vhs/evaluator.go:110.2,110.23 1 0
github.com/agentstation/vhs/evaluator.go:110.23,112.3 1 0
github.com/agentstation/vhs/evaluator.go:115.2,120.37 2 0
github.com/agentstation/vhs/evaluator.go:120.37,121.37 1 0
github.com/agentstation/vhs/evaluator.go:121.37,122.30 1 0
github.com/agentstation/vhs/evaluator.go:122.30,124.10 2 0
github.com/agentstation/vhs/evaluator.go:126.4,128.18 3 0
github.com/agentstation/vhs/evaluator.go:128.18,130.5 1 0
github.com/agentstation/vhs/evaluator.go:135.2,139.15 3 0
github.com/agentstation/vhs/evaluator.go:139.15,140.42 1 0
github.com/agentstation/vhs/evaluator.go:140.42,143.4 1 0
github.com/agentstation/vhs/evaluator.go:145.3,145.18 1 0
github.com/agentstation/vhs/evaluator.go:148.2,148.21 1 0
github.com/agentstation/vhs/evaluator.go:148.21,153.3 2 0
github.com/agentstation/vhs/evaluator.go:156.2,156.12 1 0
github.com/agentstation/vhs/evaluator.go:156.12,157.23 1 0
github.com/agentstation/vhs/evaluator.go:157.23,159.4 1 0
github.com/agentstation/vhs/evaluator.go:162.2,162.36 1 0
github.com/agentstation/vhs/evaluator.go:162.36,163.23 1 0
github.com/agentstation/vhs/evaluator.go:163.23,166.4 2 0
github.com/agentstation/vhs/evaluator.go:176.3,178.16 2 0
github.com/agentstation/vhs/evaluator.go:178.16,180.4 1 0
github.com/agentstation/vhs/evaluator.go:181.3,181.45 1 0
github.com/agentstation/vhs/evaluator.go:181.45,183.12 2 0
github.com/agentstation/vhs/evaluator.go:185.3,187.17 3 0
github.com/agentstation/vhs/evaluator.go:187.17,190.4 2 0
github.com/agentstation/vhs/evaluator.go:201.2,201.27 1 0
github.com/agentstation/vhs/evaluator.go:201.27,203.3 1 0
github.com/agentstation/vhs/evaluator.go:205.2,206.35 2 0
github.com/agentstation/vhs/evaluator.go:206.35,208.3 1 0
github.com/agentstation/vhs/evaluator.go:209.2,209.12 1 0
github.com/agentstation/vhs/ffmpeg.go:20.75,57.2 4 0
github.com/agentstation/vhs/ffmpeg.go:60.83,93.2 4 0
github.com/agentstation/vhs/ffmpeg.go:97.56,100.28 3 0
github.com/agentstation/vhs/ffmpeg.go:100.28,103.3 2 0
github.com/agentstation/vhs/ffmpeg.go:104.2,104.27 1 0
github.com/agentstation/vhs/ffmpeg.go:104.27,106.3 1 0
github.com/agentstation/vhs/ffmpeg.go:108.2,108.22 1 0
github.com/agentstation/vhs/ffmpeg.go:112.84,113.30 1 0
github.com/agentstation/vhs/ffmpeg.go:113.30,127.3 3 0
github.com/agentstation/vhs/ffmpeg.go:129.2,129.11 1 0
github.com/agentstation/vhs/ffmpeg.go:133.94,134.32 1 0
github.com/agentstation/vhs/ffmpeg.go:134.32,146.3 3 0
github.com/agentstation/vhs/ffmpeg.go:148.2,148.11 1 0
github.com/agentstation/vhs/ffmpeg.go:152.88,154.31 1 0
github.com/agentstation/vhs/ffmpeg.go:154.31,170.3 3 0
github.com/agentstation/vhs/ffmpeg.go:172.2,172.11 1 0
github.com/agentstation/vhs/ffmpeg.go:176.65,189.2 4 0
github.com/agentstation/vhs/ffmpeg.go:192.50,197.2 1 0
github.com/agentstation/vhs/ffmpeg.go:213.92,224.2 2 0
github.com/agentstation/vhs/ffmpeg.go:227.54,228.31 1 0
github.com/agentstation/vhs/ffmpeg.go:228.31,229.45 1 0
github.com/agentstation/vhs/ffmpeg.go:229.45,241.4 1 0
github.com/agentstation/vhs/ffmpeg.go:241.9,244.18 2 0
github.com/agentstation/vhs/ffmpeg.go:244.18,246.5 1 0
github.com/agentstation/vhs/ffmpeg.go:249.4,252.5 1 0
github.com/agentstation/vhs/ffmpeg.go:255.3,256.15 2 0
github.com/agentstation/vhs/ffmpeg.go:259.2,259.11 1 0
github.com/agentstation/vhs/ffmpeg.go:263.51,266.30 2 0
github.com/agentstation/vhs/ffmpeg.go:266.30,275.3 4 0
github.com/agentstation/vhs/ffmpeg.go:277.2,277.11 1 0
github.com/agentstation/vhs/ffmpeg.go:281.54,284.32 2 0
github.com/agentstation/vhs/ffmpeg.go:284.32,285.31 1 0
github.com/agentstation/vhs/ffmpeg.go:285.31,287.4 1 0
github.com/agentstation/vhs/ffmpeg.go:287.9,289.4 1 0
github.com/agentstation/vhs/ffmpeg.go:291.3,296.15 3 0
github.com/agentstation/vhs/ffmpeg.go:299.2,299.11 1 0
github.com/agentstation/vhs/ffmpeg.go:303.51,312.2 2 0
github.com/agentstation/vhs/ffmpeg.go:315.52,323.2 2 0
github.com/agentstation/vhs/ffmpeg.go:326.43,328.2 1 0
github.com/agentstation/vhs/font.go:35.34,36.27 1 1
github.com/agentstation/vhs/font.go:36.27,38.3 1 1
github.com/agentstation/vhs/font.go:39.2,39.19 1 1
github.com/agentstation/vhs/font.go:43.33,47.2 1 1
github.com/agentstation/vhs/font.go:50.70,55.16 3 1
github.com/agentstation/vhs/font.go:55.16,58.3 1 1
github.com/agentstation/vhs/font.go:60.2,60.13 1 1
github.com/agentstation/vhs/font.go:64.51,67.2 2 1
github.com/agentstation/vhs/font.go:70.94,71.35 1 1
github.com/agentstation/vhs/font.go:71.35,73.3 1 1
github.com/agentstation/vhs/font.go:75.2,87.54 7 1
github.com/agentstation/vhs/font.go:87.54,93.76 4 1
github.com/agentstation/vhs/font.go:93.76,96.22 2 1
github.com/agentstation/vhs/font.go:96.22,98.5 1 1
github.com/agentstation/vhs/font.go:98.10,99.10 1 1
github.com/agentstation/vhs/font.go:103.3,103.27 1 1
github.com/agentstation/vhs/font.go:103.27,105.4 1 1
github.com/agentstation/vhs/font.go:106.3,106.45 1 1
github.com/agentstation/vhs/font.go:110.2,113.41 2 1
github.com/agentstation/vhs/font.go:113.41,122.3 2 1
github.com/agentstation/vhs/font.go:122.8,125.3 1 0
github.com/agentstation/vhs/font.go:129.98,150.2 8 1
github.com/agentstation/vhs/font.go:153.42,159.2 2 1
github.com/agentstation/vhs/font.go:162.79,179.33 6 1
github.com/agentstation/vhs/font.go:179.33,181.3 1 1
github.com/agentstation/vhs/font.go:184.2,187.28 2 1
github.com/agentstation/vhs/font.go:187.28,190.24 2 1
github.com/agentstation/vhs/font.go:190.24,192.4 1 1
github.com/agentstation/vhs/font.go:195.2,195.17 1 1
github.com/agentstation/vhs/font.go:205.34,209.2 1 1
github.com/agentstation/vhs/font.go:212.88,217.40 2 1
github.com/agentstation/vhs/font.go:217.40,219.3 1 0
github.com/agentstation/vhs/font.go:222.2,223.16 2 1
github.com/agentstation/vhs/font.go:223.16,225.3 1 1
github.com/agentstation/vhs/font.go:228.2,229.18 2 1
github.com/agentstation/vhs/font.go:235.98,239.33 2 1
github.com/agentstation/vhs/font.go:239.33,243.60 2 1
github.com/agentstation/vhs/font.go:243.60,244.12 1 1
github.com/agentstation/vhs/font.go:248.3,249.17 2 1
github.com/agentstation/vhs/font.go:249.17,251.4 1 1
github.com/agentstation/vhs/font.go:255.2,255.120 1 1
github.com/agentstation/vhs/font.go:260.92,264.33 2 1
github.com/agentstation/vhs/font.go:264.33,266.17 2 1
github.com/agentstation/vhs/font.go:266.17,268.4 1 1
github.com/agentstation/vhs/font.go:271.2,271.89 1 1
github.com/agentstation/vhs/font.go:277.62,324.48 9 1
github.com/agentstation/vhs/font.go:324.48,325.32 1 1
github.com/agentstation/vhs/font.go:325.32,326.39 1 1
github.com/agentstation/vhs/font.go:326.39,328.5 1 1
github.com/agentstation/vhs/font.go:333.2,333.31 1 1
github.com/agentstation/vhs/font.go:333.31,334.34 1 1
github.com/agentstation/vhs/font.go:334.34,342.4 4 1
github.com/agentstation/vhs/font.go:345.2,345.14 1 1
github.com/agentstation/vhs/font.go:351.90,353.41 1 1
github.com/agentstation/vhs/font.go:353.41,355.3 1 1
github.com/agentstation/vhs/font.go:358.2,359.16 2 1
github.com/agentstation/vhs/font.go:359.16,361.3 1 0
github.com/agentstation/vhs/font.go:364.2,365.16 2 1
github.com/agentstation/vhs/font.go:365.16,368.18 2 0
github.com/agentstation/vhs/font.go:368.18,370.4 1 0
github.com/agentstation/vhs/font.go:372.3,372.25 1 0
github.com/agentstation/vhs/font.go:372.25,374.18 2 0
github.com/agentstation/vhs/font.go:374.18,376.5 1 0
github.com/agentstation/vhs/font.go:377.9,379.4 1 0
github.com/agentstation/vhs/font.go:383.2,388.16 2 1
github.com/agentstation/vhs/font.go:388.16,390.3 1 0
github.com/agentstation/vhs/font.go:392.2,392.18 1 1
github.com/agentstation/vhs/font.go:398.67,402.39 2 1
github.com/agentstation/vhs/font.go:402.39,404.17 2 1
github.com/agentstation/vhs/font.go:404.17,406.4 1 1
github.com/agentstation/vhs/font.go:410.2,410.25 1 0
github.com/agentstation/vhs/keys.go:19.35,22.2 2 1
github.com/agentstation/vhs/main.go:52.56,54.17 2 0
github.com/agentstation/vhs/main.go:54.17,56.5 1 0
github.com/agentstation/vhs/main.go:58.55,60.18 2 0
github.com/agentstation/vhs/main.go:60.18,62.5 1 0
github.com/agentstation/vhs/main.go:64.4,67.39 2 0
github.com/agentstation/vhs/main.go:67.39,69.19 2 0
github.com/agentstation/vhs/main.go:69.19,71.6 1 0
github.com/agentstation/vhs/main.go:72.5,72.54 1 0
github.com/agentstation/vhs/main.go:73.10,75.47 2 0
github.com/agentstation/vhs/main.go:75.47,79.6 1 0
github.com/agentstation/vhs/main.go:82.4,83.18 2 0
github.com/agentstation/vhs/main.go:83.18,85.5 1 0
github.com/agentstation/vhs/main.go:86.4,86.27 1 0
github.com/agentstation/vhs/main.go:86.27,88.5 1 0
github.com/agentstation/vhs/main.go:90.4,92.17 3 0
github.com/agentstation/vhs/main.go:92.17,94.5 1 0
github.com/agentstation/vhs/main.go:95.4,98.18 1 0
github.com/agentstation/vhs/main.go:98.18,100.28 1 0
github.com/agentstation/vhs/main.go:100.28,103.7 2 0
github.com/agentstation/vhs/main.go:105.6,105.38 1 0
github.com/agentstation/vhs/main.go:105.38,106.41 1 0
github.com/agentstation/vhs/main.go:106.41,108.8 1 0
github.com/agentstation/vhs/main.go:108.13,108.49 1 0
github.com/agentstation/vhs/main.go:108.49,110.8 1 0
github.com/agentstation/vhs/main.go:110.13,110.48 1 0
github.com/agentstation/vhs/main.go:110.48,112.8 1 0
github.com/agentstation/vhs/main.go:112.13,112.48 1 0
github.com/agentstation/vhs/main.go:112.48,114.8 1 0
github.com/agentstation/vhs/main.go:117.6,117.46 1 0
github.com/agentstation/vhs/main.go:120.4,121.56 2 0
github.com/agentstation/vhs/main.go:121.56,123.5 1 0
github.com/agentstation/vhs/main.go:125.4,125.21 1 0
github.com/agentstation/vhs/main.go:125.21,128.5 2 0
github.com/agentstation/vhs/main.go:130.4,130.66 1 0
github.com/agentstation/vhs/main.go:130.66,131.42 1 0
github.com/agentstation/vhs/main.go:131.42,133.6 1 0
github.com/agentstation/vhs/main.go:135.5,136.19 2 0
github.com/agentstation/vhs/main.go:136.19,138.6 1 0
github.com/agentstation/vhs/main.go:139.5,139.18 1 0
github.com/agentstation/vhs/main.go:139.18,142.6 2 0
github.com/agentstation/vhs/main.go:143.5,143.42 1 0
github.com/agentstation/vhs/main.go:143.42,146.6 2 0
github.com/agentstation/vhs/main.go:147.5,148.42 2 0
github.com/agentstation/vhs/main.go:148.42,150.6 1 0
github.com/agentstation/vhs/main.go:153.4,153.14 1 0
github.com/agentstation/vhs/main.go:162.50,164.16 2 0
github.com/agentstation/vhs/main.go:164.16,167.5 2 0
github.com/agentstation/vhs/main.go:168.4,169.18 2 0
github.com/agentstation/vhs/main.go:169.18,171.5 1 0
github.com/agentstation/vhs/main.go:172.4,172.33 1 0
github.com/agentstation/vhs/main.go:172.33,174.5 1 0
github.com/agentstation/vhs/main.go:175.4,175.14 1 0
github.com/agentstation/vhs/main.go:192.53,197.18 4 0
github.com/agentstation/vhs/main.go:197.18,199.5 1 0
github.com/agentstation/vhs/main.go:201.4,202.18 2 0
github.com/agentstation/vhs/main.go:202.18,204.5 1 0
github.com/agentstation/vhs/main.go:206.4,208.14 2 0
github.com/agentstation/vhs/main.go:216.53,219.30 2 0
github.com/agentstation/vhs/main.go:219.30,221.19 2 0
github.com/agentstation/vhs/main.go:221.19,222.14 1 0
github.com/agentstation/vhs/main.go:225.5,231.23 5 0
github.com/agentstation/vhs/main.go:231.23,234.31 2 0
github.com/agentstation/vhs/main.go:234.31,236.7 1 0
github.com/agentstation/vhs/main.go:237.6,237.19 1 0
github.com/agentstation/vhs/main.go:241.4,241.14 1 0
github.com/agentstation/vhs/main.go:241.14,243.5 1 0
github.com/agentstation/vhs/main.go:245.4,245.14 1 0
github.com/agentstation/vhs/main.go:250.13,257.52 3 0
github.com/agentstation/vhs/main.go:257.52,260.3 2 0
github.com/agentstation/vhs/main.go:263.13,273.23 9 1
github.com/agentstation/vhs/main.go:273.23,275.3 1 0
github.com/agentstation/vhs/main.go:276.2,288.25 4 1
github.com/agentstation/vhs/main.go:288.25,291.3 2 0
github.com/agentstation/vhs/main.go:292.2,292.19 1 1
github.com/agentstation/vhs/main.go:292.19,293.67 1 1
github.com/agentstation/vhs/main.go:293.67,295.4 1 0
github.com/agentstation/vhs/main.go:295.9,297.4 1 1
github.com/agentstation/vhs/main.go:299.2,299.27 1 1
github.com/agentstation/vhs/main.go:305.50,308.16 3 0
github.com/agentstation/vhs/main.go:308.16,310.3 1 0
github.com/agentstation/vhs/main.go:311.2,312.23 2 0
github.com/agentstation/vhs/main.go:317.33,319.22 2 0
github.com/agentstation/vhs/main.go:319.22,321.3 1 0
github.com/agentstation/vhs/main.go:322.2,323.20 2 0
github.com/agentstation/vhs/main.go:323.20,325.3 1 0
github.com/agentstation/vhs/main.go:326.2,327.21 2 0
github.com/agentstation/vhs/main.go:327.21,329.3 1 0
github.com/agentstation/vhs/main.go:331.2,332.64 2 0
github.com/agentstation/vhs/main.go:332.64,337.3 1 0
github.com/agentstation/vhs/main.go:339.2,339.12 1 0
github.com/agentstation/vhs/man.go:91.49,92.40 1 0
github.com/agentstation/vhs/man.go:92.40,96.18 2 0
github.com/agentstation/vhs/man.go:96.18,98.5 1 0
github.com/agentstation/vhs/man.go:99.4,100.18 2 0
github.com/agentstation/vhs/man.go:100.18,102.5 1 0
github.com/agentstation/vhs/man.go:103.4,104.14 2 0
github.com/agentstation/vhs/man.go:107.3,108.17 2 0
github.com/agentstation/vhs/man.go:108.17,110.4 1 0
github.com/agentstation/vhs/man.go:112.3,122.13 3 0
github.com/agentstation/vhs/man.go:126.30,134.2 1 0
github.com/agentstation/vhs/man.go:136.40,139.2 1 0
github.com/agentstation/vhs/man.go:141.39,143.2 1 0
github.com/agentstation/vhs/publish.go:33.54,35.39 2 0
github.com/agentstation/vhs/publish.go:35.39,38.4 2 0
github.com/agentstation/vhs/publish.go:39.3,39.36 1 0
github.com/agentstation/vhs/publish.go:39.36,41.4 1 0
github.com/agentstation/vhs/publish.go:43.3,44.17 2 0
github.com/agentstation/vhs/publish.go:44.17,46.4 1 0
github.com/agentstation/vhs/publish.go:47.3,47.54 1 0
github.com/agentstation/vhs/publish.go:47.54,50.4 2 0
github.com/agentstation/vhs/publish.go:51.3,54.13 4 0
github.com/agentstation/vhs/publish.go:59.33,62.16 3 0
github.com/agentstation/vhs/publish.go:62.16,64.3 1 0
github.com/agentstation/vhs/publish.go:65.2,65.22 1 0
github.com/agentstation/vhs/publish.go:72.55,73.73 1 0
github.com/agentstation/vhs/publish.go:73.73,75.17 2 0
github.com/agentstation/vhs/publish.go:75.17,77.4 1 0
github.com/agentstation/vhs/publish.go:78.3,78.16 1 0
github.com/agentstation/vhs/publish.go:78.16,78.34 1 0
github.com/agentstation/vhs/publish.go:80.3,81.17 2 0
github.com/agentstation/vhs/publish.go:81.17,83.4 1 0
github.com/agentstation/vhs/publish.go:85.3,85.57 1 0
github.com/agentstation/vhs/publish.go:85.57,87.29 2 0
github.com/agentstation/vhs/publish.go:87.29,88.27 1 0
github.com/agentstation/vhs/publish.go:88.27,90.6 1 0
github.com/agentstation/vhs/publish.go:92.5,93.15 2 0
github.com/agentstation/vhs/publish.go:95.4,95.61 1 0
github.com/agentstation/vhs/publish.go:97.3,97.13 1 0
github.com/agentstation/vhs/publish.go:102.41,104.16 2 0
github.com/agentstation/vhs/publish.go:104.16,106.3 1 0
github.com/agentstation/vhs/publish.go:107.2,108.16 2 0
github.com/agentstation/vhs/publish.go:108.16,110.3 1 0
github.com/agentstation/vhs/publish.go:112.2,113.16 2 0
github.com/agentstation/vhs/publish.go:113.16,115.3 1 0
github.com/agentstation/vhs/publish.go:117.2,125.16 4 0
github.com/agentstation/vhs/publish.go:125.16,127.3 1 0
github.com/agentstation/vhs/publish.go:128.2,129.16 2 0
github.com/agentstation/vhs/publish.go:129.16,131.3 1 0
github.com/agentstation/vhs/publish.go:133.2,133.15 1 0
github.com/agentstation/vhs/publish.go:138.43,147.2 8 0
github.com/agentstation/vhs/publish.go:152.64,154.16 2 0
github.com/agentstation/vhs/publish.go:154.16,156.3 1 0
github.com/agentstation/vhs/publish.go:157.2,160.12 2 0
github.com/agentstation/vhs/publish.go:160.12,163.3 2 0
github.com/agentstation/vhs/publish.go:165.2,166.16 2 0
github.com/agentstation/vhs/publish.go:166.16,168.3 1 0
github.com/agentstation/vhs/publish.go:169.2,170.16 2 0
github.com/agentstation/vhs/publish.go:170.16,172.3 1 0
github.com/agentstation/vhs/publish.go:174.2,175.16 2 0
github.com/agentstation/vhs/publish.go:175.16,177.3 1 0
github.com/agentstation/vhs/publish.go:178.2,180.36 2 0
github.com/agentstation/vhs/publish.go:180.36,182.3 1 0
github.com/agentstation/vhs/publish.go:184.2,185.16 2 0
github.com/agentstation/vhs/publish.go:185.16,187.3 1 0
github.com/agentstation/vhs/publish.go:188.2,191.16 3 0
github.com/agentstation/vhs/publish.go:191.16,193.3 1 0
github.com/agentstation/vhs/publish.go:195.2,195.23 1 0
github.com/agentstation/vhs/record.go:72.49,78.16 4 0
github.com/agentstation/vhs/record.go:78.16,80.3 1 0
github.com/agentstation/vhs/record.go:82.2,82.60 1 0
github.com/agentstation/vhs/record.go:82.60,84.3 1 0
github.com/agentstation/vhs/record.go:86.2,87.16 2 0
github.com/agentstation/vhs/record.go:87.16,89.3 1 0
github.com/agentstation/vhs/record.go:93.2,96.27 3 0
github.com/agentstation/vhs/record.go:96.27,98.3 1 0
github.com/agentstation/vhs/record.go:100.2,100.12 1 0
github.com/agentstation/vhs/record.go:100.12,102.7 2 0
github.com/agentstation/vhs/record.go:102.7,105.28 3 0
github.com/agentstation/vhs/record.go:105.28,108.5 1 0
github.com/agentstation/vhs/record.go:114.2,114.12 1 0
github.com/agentstation/vhs/record.go:114.12,114.44 1 0
github.com/agentstation/vhs/record.go:115.2,122.12 5 0
github.com/agentstation/vhs/record.go:131.39,145.49 4 1
github.com/agentstation/vhs/record.go:145.49,147.3 1 1
github.com/agentstation/vhs/record.go:149.2,154.36 4 1
github.com/agentstation/vhs/record.go:154.36,157.35 2 1
github.com/agentstation/vhs/record.go:157.35,159.30 2 1
github.com/agentstation/vhs/record.go:159.30,160.10 1 1
github.com/agentstation/vhs/record.go:163.3,167.42 2 1
github.com/agentstation/vhs/record.go:167.42,169.28 2 1
github.com/agentstation/vhs/record.go:169.28,171.5 1 1
github.com/agentstation/vhs/record.go:171.10,173.5 1 1
github.com/agentstation/vhs/record.go:174.9,174.53 1 1
github.com/agentstation/vhs/record.go:174.53,175.32 1 1
github.com/agentstation/vhs/record.go:175.32,177.5 1 1
github.com/agentstation/vhs/record.go:178.4,178.12 1 1
github.com/agentstation/vhs/record.go:179.9,179.52 1 1
github.com/agentstation/vhs/record.go:179.52,180.32 1 1
github.com/agentstation/vhs/record.go:180.32,182.5 1 1
github.com/agentstation/vhs/record.go:183.4,183.12 1 1
github.com/agentstation/vhs/record.go:184.9,184.52 1 1
github.com/agentstation/vhs/record.go:184.52,186.4 1 0
github.com/agentstation/vhs/record.go:186.9,186.51 1 1
github.com/agentstation/vhs/record.go:186.51,188.18 2 1
github.com/agentstation/vhs/record.go:188.18,190.5 1 1
github.com/agentstation/vhs/record.go:191.9,192.22 1 1
github.com/agentstation/vhs/record.go:192.22,194.5 1 1
github.com/agentstation/vhs/record.go:195.4,195.12 1 1
github.com/agentstation/vhs/record.go:197.3,197.28 1 1
github.com/agentstation/vhs/record.go:200.2,200.27 1 1
github.com/agentstation/vhs/record.go:204.29,205.67 1 1
github.com/agentstation/vhs/record.go:205.67,207.3 1 0
github.com/agentstation/vhs/record.go:208.2,208.34 1 1
github.com/agentstation/vhs/record.go:208.34,210.3 1 1
github.com/agentstation/vhs/record.go:211.2,211.31 1 1
github.com/agentstation/vhs/screenshot.go:27.80,35.2 1 0
github.com/agentstation/vhs/screenshot.go:39.58,44.2 3 1
github.com/agentstation/vhs/screenshot.go:47.64,50.2 2 1
github.com/agentstation/vhs/screenshot.go:53.58,56.44 2 0
github.com/agentstation/vhs/screenshot.go:56.44,66.3 4 0
github.com/agentstation/vhs/screenshot.go:68.2,68.13 1 0
github.com/agentstation/vhs/screenshot.go:72.98,101.2 10 0
github.com/agentstation/vhs/serve.go:41.51,45.18 2 0
github.com/agentstation/vhs/serve.go:45.18,47.4 1 0
github.com/agentstation/vhs/serve.go:48.3,49.16 2 0
github.com/agentstation/vhs/serve.go:49.16,51.4 1 0
github.com/agentstation/vhs/serve.go:52.3,56.30 2 0
github.com/agentstation/vhs/serve.go:56.30,57.37 1 0
github.com/agentstation/vhs/serve.go:57.37,59.6 1 0
github.com/agentstation/vhs/serve.go:60.5,60.62 1 0
github.com/agentstation/vhs/serve.go:63.37,64.33 1 0
github.com/agentstation/vhs/serve.go:64.33,74.16 2 0
github.com/agentstation/vhs/serve.go:74.16,78.8 3 0
github.com/agentstation/vhs/serve.go:84.7,86.21 3 0
github.com/agentstation/vhs/serve.go:86.21,90.8 3 0
github.com/agentstation/vhs/serve.go:93.7,95.20 3 0
github.com/agentstation/vhs/serve.go:95.20,95.47 1 0
github.com/agentstation/vhs/serve.go:96.7,96.74 1 0
github.com/agentstation/vhs/serve.go:96.74,98.15 2 0
github.com/agentstation/vhs/serve.go:99.46,101.29 2 0
github.com/agentstation/vhs/serve.go:102.47,104.30 2 0
github.com/agentstation/vhs/serve.go:105.46,107.29 2 0
github.com/agentstation/vhs/serve.go:108.16,110.29 2 0
github.com/agentstation/vhs/serve.go:112.8,115.46 4 0
github.com/agentstation/vhs/serve.go:118.7,118.24 1 0
github.com/agentstation/vhs/serve.go:118.24,121.8 2 0
github.com/agentstation/vhs/serve.go:123.7,126.11 3 0
github.com/agentstation/vhs/serve.go:132.3,132.17 1 0
github.com/agentstation/vhs/serve.go:132.17,134.4 1 0
github.com/agentstation/vhs/serve.go:137.3,139.17 3 0
github.com/agentstation/vhs/serve.go:139.17,141.4 1 0
github.com/agentstation/vhs/serve.go:144.3,145.27 2 0
github.com/agentstation/vhs/serve.go:145.27,147.55 2 0
github.com/agentstation/vhs/serve.go:147.55,149.5 1 0
github.com/agentstation/vhs/serve.go:152.3,153.13 2 0
github.com/agentstation/vhs/serve.go:153.13,156.4 2 0
github.com/agentstation/vhs/serve.go:158.3,162.41 5 0
github.com/agentstation/vhs/serve.go:162.41,164.4 1 0
github.com/agentstation/vhs/serve.go:167.3,167.15 1 0
github.com/agentstation/vhs/serve_unix.go:11.49,12.44 1 0
github.com/agentstation/vhs/serve_unix.go:12.44,14.3 1 0
github.com/agentstation/vhs/serve_unix.go:15.2,15.44 1 0
github.com/agentstation/vhs/serve_unix.go:15.44,17.3 1 0
github.com/agentstation/vhs/serve_unix.go:18.2,18.12 1 0
github.com/agentstation/vhs/style.go:81.42,95.2 1 1
github.com/agentstation/vhs/svg.go:102.52,107.58 3 1
github.com/agentstation/vhs/svg.go:107.58,111.3 2 1
github.com/agentstation/vhs/svg.go:114.2,115.18 2 1
github.com/agentstation/vhs/svg.go:115.18,117.3 1 1
github.com/agentstation/vhs/svg.go:120.2,126.23 5 1
github.com/agentstation/vhs/svg.go:126.23,130.3 3 1
github.com/agentstation/vhs/svg.go:132.2,144.3 1 1
github.com/agentstation/vhs/svg.go:148.42,149.21 1 1
github.com/agentstation/vhs/svg.go:149.21,151.3 1 1
github.com/agentstation/vhs/svg.go:154.2,155.18 2 1
github.com/agentstation/vhs/svg.go:155.18,157.3 1 1
github.com/agentstation/vhs/svg.go:160.2,164.21 3 1
github.com/agentstation/vhs/svg.go:164.21,166.3 1 0
github.com/agentstation/vhs/svg.go:168.2,173.22 4 1
github.com/agentstation/vhs/svg.go:173.22,176.3 2 1
github.com/agentstation/vhs/svg.go:179.2,184.22 3 1
github.com/agentstation/vhs/svg.go:184.22,186.24 2 1
github.com/agentstation/vhs/svg.go:186.24,188.4 1 0
github.com/agentstation/vhs/svg.go:189.3,193.22 4 1
github.com/agentstation/vhs/svg.go:197.2,201.27 3 1
github.com/agentstation/vhs/svg.go:201.27,203.3 1 1
github.com/agentstation/vhs/svg.go:205.2,214.33 7 1
github.com/agentstation/vhs/svg.go:214.33,215.34 1 1
github.com/agentstation/vhs/svg.go:215.34,217.4 1 1
github.com/agentstation/vhs/svg.go:220.2,230.27 6 1
github.com/agentstation/vhs/svg.go:230.27,232.3 1 1
github.com/agentstation/vhs/svg.go:233.2,252.33 11 1
github.com/agentstation/vhs/svg.go:252.33,253.22 1 1
github.com/agentstation/vhs/svg.go:253.22,256.48 2 1
github.com/agentstation/vhs/svg.go:256.48,257.38 1 0
github.com/agentstation/vhs/svg.go:257.38,258.84 1 0
github.com/agentstation/vhs/svg.go:258.84,260.7 1 0
github.com/agentstation/vhs/svg.go:263.4,263.19 1 1
github.com/agentstation/vhs/svg.go:263.19,265.5 1 0
github.com/agentstation/vhs/svg.go:267.3,267.45 1 1
github.com/agentstation/vhs/svg.go:270.2,276.22 5 1
github.com/agentstation/vhs/svg.go:276.22,279.3 2 1
github.com/agentstation/vhs/svg.go:281.2,284.20 3 1
github.com/agentstation/vhs/svg.go:288.40,294.21 3 1
github.com/agentstation/vhs/svg.go:294.21,295.42 1 1
github.com/agentstation/vhs/svg.go:295.42,297.48 2 1
github.com/agentstation/vhs/svg.go:297.48,298.38 1 0
github.com/agentstation/vhs/svg.go:298.38,299.84 1 0
github.com/agentstation/vhs/svg.go:299.84,301.7 1 0
github.com/agentstation/vhs/svg.go:304.4,304.19 1 1
github.com/agentstation/vhs/svg.go:304.19,306.5 1 0
github.com/agentstation/vhs/svg.go:310.2,310.41 1 1
github.com/agentstation/vhs/svg.go:310.41,322.49 3 1
github.com/agentstation/vhs/svg.go:322.49,324.72 1 1
github.com/agentstation/vhs/svg.go:324.72,326.5 1 1
github.com/agentstation/vhs/svg.go:326.10,326.20 1 1
github.com/agentstation/vhs/svg.go:326.20,329.81 2 1
github.com/agentstation/vhs/svg.go:329.81,330.70 1 1
github.com/agentstation/vhs/svg.go:330.70,332.7 1 1
github.com/agentstation/vhs/svg.go:338.3,338.18 1 1
github.com/agentstation/vhs/svg.go:338.18,342.4 3 1
github.com/agentstation/vhs/svg.go:342.9,345.13 2 1
github.com/agentstation/vhs/svg.go:345.13,347.5 1 1
github.com/agentstation/vhs/svg.go:348.4,350.69 3 1
github.com/agentstation/vhs/svg.go:354.3,362.46 5 1
github.com/agentstation/vhs/svg.go:362.46,364.29 1 1
github.com/agentstation/vhs/svg.go:364.29,370.5 2 1
github.com/agentstation/vhs/svg.go:371.9,378.23 4 1
github.com/agentstation/vhs/svg.go:378.23,380.49 2 1
github.com/agentstation/vhs/svg.go:380.49,381.39 1 0
github.com/agentstation/vhs/svg.go:381.39,382.85 1 0
github.com/agentstation/vhs/svg.go:382.85,384.8 1 0
github.com/agentstation/vhs/svg.go:387.5,387.20 1 1
github.com/agentstation/vhs/svg.go:387.20,389.6 1 0
github.com/agentstation/vhs/svg.go:392.4,396.24 2 1
github.com/agentstation/vhs/svg.go:401.2,401.77 1 1
github.com/agentstation/vhs/svg.go:401.77,407.3 1 0
github.com/agentstation/vhs/svg.go:410.2,410.28 1 1
github.com/agentstation/vhs/svg.go:410.28,416.22 5 1
github.com/agentstation/vhs/svg.go:416.22,423.4 6 0
github.com/agentstation/vhs/svg.go:426.3,431.42 5 1
github.com/agentstation/vhs/svg.go:431.42,441.33 3 1
github.com/agentstation/vhs/svg.go:441.33,444.44 3 0
github.com/agentstation/vhs/svg.go:444.44,446.6 1 0
github.com/agentstation/vhs/svg.go:447.10,449.5 1 1
github.com/agentstation/vhs/svg.go:450.4,450.19 1 1
github.com/agentstation/vhs/svg.go:453.3,453.22 1 1
github.com/agentstation/vhs/svg.go:453.22,456.4 2 0
github.com/agentstation/vhs/svg.go:461.63,463.35 2 1
github.com/agentstation/vhs/svg.go:463.35,470.32 3 1
github.com/agentstation/vhs/svg.go:470.32,471.46 1 1
github.com/agentstation/vhs/svg.go:471.46,474.5 1 1
github.com/agentstation/vhs/svg.go:476.3,476.24 1 1
github.com/agentstation/vhs/svg.go:480.2,482.38 2 1
github.com/agentstation/vhs/svg.go:486.48,497.34 6 1
github.com/agentstation/vhs/svg.go:497.34,502.3 3 1
github.com/agentstation/vhs/svg.go:504.2,513.33 7 1
github.com/agentstation/vhs/svg.go:513.33,515.3 1 1
github.com/agentstation/vhs/svg.go:518.2,519.30 2 1
github.com/agentstation/vhs/svg.go:519.30,521.34 1 1
github.com/agentstation/vhs/svg.go:521.34,524.4 1 1
github.com/agentstation/vhs/svg.go:524.9,527.4 1 1
github.com/agentstation/vhs/svg.go:531.2,545.28 10 1
github.com/agentstation/vhs/svg.go:545.28,549.3 3 1
github.com/agentstation/vhs/svg.go:552.2,553.22 2 1
github.com/agentstation/vhs/svg.go:553.22,555.3 1 0
github.com/agentstation/vhs/svg.go:557.2,558.27 2 1
github.com/agentstation/vhs/svg.go:558.27,560.3 1 1
github.com/agentstation/vhs/svg.go:562.2,581.28 5 1
github.com/agentstation/vhs/svg.go:581.28,593.46 2 1
github.com/agentstation/vhs/svg.go:593.46,596.4 2 1
github.com/agentstation/vhs/svg.go:598.3,598.29 1 1
github.com/agentstation/vhs/svg.go:598.29,601.4 2 1
github.com/agentstation/vhs/svg.go:602.8,603.41 1 1
github.com/agentstation/vhs/svg.go:603.41,606.4 2 1
github.com/agentstation/vhs/svg.go:613.2,616.27 3 1
github.com/agentstation/vhs/svg.go:616.27,621.3 4 1
github.com/agentstation/vhs/svg.go:623.2,626.20 3 1
github.com/agentstation/vhs/svg.go:630.78,640.36 5 1
github.com/agentstation/vhs/svg.go:640.36,643.36 3 0
github.com/agentstation/vhs/svg.go:643.36,644.65 1 0
github.com/agentstation/vhs/svg.go:644.65,646.47 2 0
github.com/agentstation/vhs/svg.go:646.47,647.84 1 0
github.com/agentstation/vhs/svg.go:647.84,649.23 2 0
github.com/agentstation/vhs/svg.go:649.23,651.8 1 0
github.com/agentstation/vhs/svg.go:654.5,654.20 1 0
github.com/agentstation/vhs/svg.go:654.20,656.6 1 0
github.com/agentstation/vhs/svg.go:662.2,662.35 1 1
github.com/agentstation/vhs/svg.go:662.35,671.16 4 1
github.com/agentstation/vhs/svg.go:671.16,672.46 1 1
github.com/agentstation/vhs/svg.go:672.46,673.83 1 1
github.com/agentstation/vhs/svg.go:673.83,675.49 2 1
github.com/agentstation/vhs/svg.go:675.49,677.7 1 0
github.com/agentstation/vhs/svg.go:678.6,678.11 1 1
github.com/agentstation/vhs/svg.go:684.3,684.63 1 1
github.com/agentstation/vhs/svg.go:684.63,685.12 1 0
github.com/agentstation/vhs/svg.go:689.3,689.51 1 1
github.com/agentstation/vhs/svg.go:689.51,691.46 2 0
github.com/agentstation/vhs/svg.go:691.46,692.83 1 0
github.com/agentstation/vhs/svg.go:692.83,694.6 1 0
github.com/agentstation/vhs/svg.go:696.4,696.19 1 0
github.com/agentstation/vhs/svg.go:696.19,698.5 1 0
github.com/agentstation/vhs/svg.go:705.3,705.75 1 1
github.com/agentstation/vhs/svg.go:705.75,708.23 2 1
github.com/agentstation/vhs/svg.go:708.23,710.5 1 1
github.com/agentstation/vhs/svg.go:711.4,714.46 2 1
github.com/agentstation/vhs/svg.go:714.46,715.24 1 1
github.com/agentstation/vhs/svg.go:715.24,717.6 1 0
github.com/agentstation/vhs/svg.go:720.5,721.25 2 1
github.com/agentstation/vhs/svg.go:721.25,723.6 1 0
github.com/agentstation/vhs/svg.go:724.5,725.63 2 1
github.com/agentstation/vhs/svg.go:725.63,728.84 2 1
github.com/agentstation/vhs/svg.go:728.84,730.26 2 1
github.com/agentstation/vhs/svg.go:730.26,732.8 1 0
github.com/agentstation/vhs/svg.go:733.7,736.26 3 1
github.com/agentstation/vhs/svg.go:739.5,739.59 1 1
github.com/agentstation/vhs/svg.go:739.59,742.61 2 0
github.com/agentstation/vhs/svg.go:742.61,744.7 1 0
github.com/agentstation/vhs/svg.go:751.4,754.50 2 1
github.com/agentstation/vhs/svg.go:754.50,757.34 2 0
github.com/agentstation/vhs/svg.go:757.34,759.6 1 0
github.com/agentstation/vhs/svg.go:763.4,763.46 1 1
github.com/agentstation/vhs/svg.go:763.46,767.35 2 0
github.com/agentstation/vhs/svg.go:767.35,769.38 2 0
github.com/agentstation/vhs/svg.go:769.38,771.7 1 0
github.com/agentstation/vhs/svg.go:772.11,774.6 1 0
github.com/agentstation/vhs/svg.go:778.5,781.27 2 0
github.com/agentstation/vhs/svg.go:781.27,786.6 3 0
github.com/agentstation/vhs/svg.go:786.11,789.6 1 0
github.com/agentstation/vhs/svg.go:792.5,793.30 2 0
github.com/agentstation/vhs/svg.go:793.30,795.6 1 0
github.com/agentstation/vhs/svg.go:798.5,799.28 2 0
github.com/agentstation/vhs/svg.go:799.28,801.6 1 0
github.com/agentstation/vhs/svg.go:805.5,805.58 1 0
github.com/agentstation/vhs/svg.go:805.58,809.6 1 0
github.com/agentstation/vhs/svg.go:809.11,813.6 1 0
github.com/agentstation/vhs/svg.go:816.5,816.26 1 0
github.com/agentstation/vhs/svg.go:816.26,819.39 2 0
github.com/agentstation/vhs/svg.go:819.39,826.87 4 0
github.com/agentstation/vhs/svg.go:826.87,828.59 2 0
github.com/agentstation/vhs/svg.go:828.59,830.29 2 0
github.com/agentstation/vhs/svg.go:830.29,832.10 1 0
github.com/agentstation/vhs/svg.go:834.8,834.22 1 0
github.com/agentstation/vhs/svg.go:834.22,836.9 1 0
github.com/agentstation/vhs/svg.go:837.8,837.24 1 0
github.com/agentstation/vhs/svg.go:837.24,839.9 1 0
github.com/agentstation/vhs/svg.go:840.8,840.27 1 0
github.com/agentstation/vhs/svg.go:840.27,842.9 1 0
github.com/agentstation/vhs/svg.go:846.7,849.31 3 0
github.com/agentstation/vhs/svg.go:849.31,853.92 4 0
github.com/agentstation/vhs/svg.go:853.92,855.68 2 0
github.com/agentstation/vhs/svg.go:855.68,857.34 2 0
github.com/agentstation/vhs/svg.go:857.34,859.11 1 0
github.com/agentstation/vhs/svg.go:861.9,861.27 1 0
github.com/agentstation/vhs/svg.go:861.27,863.10 1 0
github.com/agentstation/vhs/svg.go:864.9,864.29 1 0
github.com/agentstation/vhs/svg.go:864.29,866.10 1 0
github.com/agentstation/vhs/svg.go:867.9,867.32 1 0
github.com/agentstation/vhs/svg.go:867.32,869.10 1 0
github.com/agentstation/vhs/svg.go:872.8,872.68 1 0
github.com/agentstation/vhs/svg.go:872.68,873.14 1 0
github.com/agentstation/vhs/svg.go:876.8,877.11 2 0
github.com/agentstation/vhs/svg.go:881.7,882.27 2 0
github.com/agentstation/vhs/svg.go:882.27,884.8 1 0
github.com/agentstation/vhs/svg.go:886.7,886.25 1 0
github.com/agentstation/vhs/svg.go:886.25,888.8 1 0
github.com/agentstation/vhs/svg.go:888.13,890.8 1 0
github.com/agentstation/vhs/svg.go:894.5,895.24 2 0
github.com/agentstation/vhs/svg.go:896.10,903.5 4 1
github.com/agentstation/vhs/svg.go:907.2,910.20 3 1
github.com/agentstation/vhs/svg.go:914.64,915.44 1 1
github.com/agentstation/vhs/svg.go:915.44,917.3 1 1
github.com/agentstation/vhs/svg.go:919.2,920.56 2 1
github.com/agentstation/vhs/svg.go:924.59,925.29 1 1
github.com/agentstation/vhs/svg.go:925.29,927.3 1 1
github.com/agentstation/vhs/svg.go:929.2,930.15 2 1
github.com/agentstation/vhs/svg.go:931.19,932.13 1 1
github.com/agentstation/vhs/svg.go:933.17,934.13 1 1
github.com/agentstation/vhs/svg.go:935.19,936.13 1 1
github.com/agentstation/vhs/svg.go:937.20,938.13 1 1
github.com/agentstation/vhs/svg.go:939.18,940.13 1 1
github.com/agentstation/vhs/svg.go:941.21,942.13 1 1
github.com/agentstation/vhs/svg.go:943.18,944.13 1 1
github.com/agentstation/vhs/svg.go:945.19,946.13 1 1
github.com/agentstation/vhs/svg.go:947.35,948.13 1 1
github.com/agentstation/vhs/svg.go:949.10,950.12 1 1
github.com/agentstation/vhs/svg.go:955.153,959.21 3 1
github.com/agentstation/vhs/svg.go:959.21,968.87 6 1
github.com/agentstation/vhs/svg.go:968.87,971.55 2 1
github.com/agentstation/vhs/svg.go:971.55,973.25 2 0
github.com/agentstation/vhs/svg.go:973.25,976.6 1 0
github.com/agentstation/vhs/svg.go:978.4,978.18 1 1
github.com/agentstation/vhs/svg.go:978.18,980.5 1 0
github.com/agentstation/vhs/svg.go:981.4,981.20 1 1
github.com/agentstation/vhs/svg.go:981.20,983.5 1 0
github.com/agentstation/vhs/svg.go:984.4,984.23 1 1
github.com/agentstation/vhs/svg.go:984.23,986.5 1 0
github.com/agentstation/vhs/svg.go:990.3,993.22 3 1
github.com/agentstation/vhs/svg.go:993.22,998.92 4 1
github.com/agentstation/vhs/svg.go:998.92,1000.64 2 1
github.com/agentstation/vhs/svg.go:1000.64,1002.30 2 0
github.com/agentstation/vhs/svg.go:1002.30,1004.7 1 0
github.com/agentstation/vhs/svg.go:1006.5,1006.23 1 1
github.com/agentstation/vhs/svg.go:1006.23,1008.6 1 0
github.com/agentstation/vhs/svg.go:1009.5,1009.25 1 1
github.com/agentstation/vhs/svg.go:1009.25,1011.6 1 0
github.com/agentstation/vhs/svg.go:1012.5,1012.28 1 1
github.com/agentstation/vhs/svg.go:1012.28,1014.6 1 0
github.com/agentstation/vhs/svg.go:1018.4,1018.64 1 1
github.com/agentstation/vhs/svg.go:1018.64,1019.10 1 0
github.com/agentstation/vhs/svg.go:1022.4,1023.7 2 1
github.com/agentstation/vhs/svg.go:1027.3,1028.23 2 1
github.com/agentstation/vhs/svg.go:1028.23,1030.4 1 0
github.com/agentstation/vhs/svg.go:1032.3,1032.28 1 1
github.com/agentstation/vhs/svg.go:1032.28,1034.22 1 0
github.com/agentstation/vhs/svg.go:1034.22,1037.5 1 0
github.com/agentstation/vhs/svg.go:1037.10,1040.5 1 0
github.com/agentstation/vhs/svg.go:1041.9,1043.22 1 1
github.com/agentstation/vhs/svg.go:1043.22,1045.5 1 0
github.com/agentstation/vhs/svg.go:1045.10,1047.5 1 1
github.com/agentstation/vhs/svg.go:1053.58,1054.29 1 1
github.com/agentstation/vhs/svg.go:1054.29,1056.3 1 1
github.com/agentstation/vhs/svg.go:1060.36,1061.28 1 1
github.com/agentstation/vhs/svg.go:1061.28,1063.3 1 1
github.com/agentstation/vhs/svg.go:1064.2,1064.13 1 1
github.com/agentstation/vhs/svg.go:1068.38,1070.30 1 1
github.com/agentstation/vhs/svg.go:1070.30,1072.3 1 1
github.com/agentstation/vhs/svg.go:1074.2,1076.40 2 1
github.com/agentstation/vhs/svg.go:1076.40,1078.3 1 1
github.com/agentstation/vhs/svg.go:1079.2,1079.18 1 1
github.com/agentstation/vhs/svg.go:1083.45,1085.38 1 1
github.com/agentstation/vhs/svg.go:1085.38,1087.3 1 1
github.com/agentstation/vhs/svg.go:1089.2,1093.39 3 1
github.com/agentstation/vhs/svg.go:1093.39,1095.3 1 1
github.com/agentstation/vhs/svg.go:1096.2,1096.18 1 1
github.com/agentstation/vhs/svg.go:1100.55,1103.2 1 1
github.com/agentstation/vhs/svg.go:1106.56,1110.18 3 1
github.com/agentstation/vhs/svg.go:1110.18,1112.3 1 1
github.com/agentstation/vhs/svg.go:1115.2,1116.22 2 1
github.com/agentstation/vhs/svg.go:1116.22,1118.3 1 0
github.com/agentstation/vhs/svg.go:1121.2,1122.19 2 1
github.com/agentstation/vhs/svg.go:1122.19,1124.3 1 1
github.com/agentstation/vhs/svg.go:1126.2,1131.27 3 1
github.com/agentstation/vhs/svg.go:1131.27,1133.3 1 1
github.com/agentstation/vhs/svg.go:1135.2,1135.20 1 1
github.com/agentstation/vhs/svg.go:1139.51,1143.18 3 1
github.com/agentstation/vhs/svg.go:1143.18,1145.3 1 0
github.com/agentstation/vhs/svg.go:1147.2,1149.20 3 1
github.com/agentstation/vhs/svg.go:1149.20,1151.3 1 1
github.com/agentstation/vhs/svg.go:1154.2,1155.22 2 1
github.com/agentstation/vhs/svg.go:1155.22,1157.3 1 0
github.com/agentstation/vhs/svg.go:1159.2,1169.25 5 1
github.com/agentstation/vhs/svg.go:1170.18,1172.45 1 1
github.com/agentstation/vhs/svg.go:1172.45,1176.4 3 1
github.com/agentstation/vhs/svg.go:1177.23,1179.45 1 1
github.com/agentstation/vhs/svg.go:1179.45,1183.4 3 1
github.com/agentstation/vhs/svg.go:1184.15,1186.45 1 1
github.com/agentstation/vhs/svg.go:1186.45,1190.4 3 1
github.com/agentstation/vhs/svg.go:1191.20,1193.45 1 1
github.com/agentstation/vhs/svg.go:1193.45,1197.4 3 1
github.com/agentstation/vhs/svg.go:1201.2,1201.32 1 1
github.com/agentstation/vhs/svg.go:1201.32,1206.20 3 1
github.com/agentstation/vhs/svg.go:1206.20,1208.4 1 1
github.com/agentstation/vhs/svg.go:1216.3,1217.37 2 1
github.com/agentstation/vhs/svg.go:1217.37,1219.4 1 1
github.com/agentstation/vhs/svg.go:1224.3,1231.99 4 1
github.com/agentstation/vhs/svg.go:1231.99,1233.4 1 0
github.com/agentstation/vhs/svg.go:1238.3,1244.22 5 1
github.com/agentstation/vhs/svg.go:1247.2,1250.20 3 1
github.com/agentstation/vhs/svg.go:1254.85,1436.16 2 0
github.com/agentstation/vhs/svg.go:1436.16,1438.3 1 0
github.com/agentstation/vhs/svg.go:1441.2,1462.16 2 0
github.com/agentstation/vhs/svg.go:1462.16,1464.3 1 0
github.com/agentstation/vhs/svg.go:1467.2,1469.35 3 0
github.com/agentstation/vhs/svg.go:1469.35,1471.3 1 0
github.com/agentstation/vhs/svg.go:1474.2,1483.27 8 0
github.com/agentstation/vhs/svg.go:1483.27,1485.30 2 0
github.com/agentstation/vhs/svg.go:1485.30,1488.35 3 0
github.com/agentstation/vhs/svg.go:1488.35,1494.57 5 0
github.com/agentstation/vhs/svg.go:1494.57,1496.6 1 0
github.com/agentstation/vhs/svg.go:1497.5,1497.57 1 0
github.com/agentstation/vhs/svg.go:1497.57,1499.6 1 0
github.com/agentstation/vhs/svg.go:1501.5,1509.44 2 0
github.com/agentstation/vhs/svg.go:1509.44,1511.6 1 0
github.com/agentstation/vhs/svg.go:1512.5,1512.43 1 0
github.com/agentstation/vhs/svg.go:1514.4,1514.47 1 0
github.com/agentstation/vhs/svg.go:1518.2,1529.22 2 0
github.com/agentstation/vhs/svg.go:1533.50,1534.22 1 1
github.com/agentstation/vhs/svg.go:1534.22,1536.3 1 1
github.com/agentstation/vhs/svg.go:1539.2,1542.29 3 1
github.com/agentstation/vhs/svg.go:1542.29,1546.17 3 1
github.com/agentstation/vhs/svg.go:1546.17,1548.4 1 1
github.com/agentstation/vhs/svg.go:1551.2,1551.15 1 1
github.com/agentstation/vhs/svg.go:1556.51,1563.29 4 1
github.com/agentstation/vhs/svg.go:1563.29,1565.95 1 1
github.com/agentstation/vhs/svg.go:1565.95,1567.27 2 1
github.com/agentstation/vhs/svg.go:1567.27,1569.5 1 1
github.com/agentstation/vhs/svg.go:1570.9,1573.4 1 1
github.com/agentstation/vhs/svg.go:1577.2,1577.19 1 1
github.com/agentstation/vhs/svg.go:1577.19,1579.3 1 1
github.com/agentstation/vhs/svg.go:1581.2,1581.37 1 1
github.com/agentstation/vhs/svg.go:1586.83,1588.37 1 1
github.com/agentstation/vhs/svg.go:1588.37,1590.3 1 1
github.com/agentstation/vhs/svg.go:1593.2,1593.28 1 1
github.com/agentstation/vhs/svg.go:1593.28,1595.3 1 0
github.com/agentstation/vhs/svg.go:1598.2,1598.29 1 1
github.com/agentstation/vhs/svg.go:1598.29,1600.3 1 1
github.com/agentstation/vhs/svg.go:1603.2,1603.20 1 0
github.com/agentstation/vhs/syntax.go:18.53,25.20 3 0
github.com/agentstation/vhs/syntax.go:25.20,28.3 2 0
github.com/agentstation/vhs/syntax.go:30.2,30.11 1 0
github.com/agentstation/vhs/syntax.go:30.11,31.22 1 0
github.com/agentstation/vhs/syntax.go:31.22,33.4 1 0
github.com/agentstation/vhs/syntax.go:34.3,34.80 1 0
github.com/agentstation/vhs/syntax.go:37.2,37.16 1 0
github.com/agentstation/vhs/syntax.go:38.19,39.26 1 0
github.com/agentstation/vhs/syntax.go:40.17,42.23 2 0
github.com/agentstation/vhs/syntax.go:42.23,44.4 1 0
github.com/agentstation/vhs/syntax.go:44.9,44.28 1 0
github.com/agentstation/vhs/syntax.go:44.28,46.4 1 0
github.com/agentstation/vhs/syntax.go:46.9,48.4 1 0
github.com/agentstation/vhs/syntax.go:49.17,51.26 2 0
github.com/agentstation/vhs/syntax.go:52.20,54.26 2 0
github.com/agentstation/vhs/syntax.go:55.18,56.27 1 0
github.com/agentstation/vhs/syntax.go:57.19,58.24 1 0
github.com/agentstation/vhs/syntax.go:59.18,61.26 2 0
github.com/agentstation/vhs/syntax.go:62.30,63.44 1 0
github.com/agentstation/vhs/syntax.go:66.2,69.21 4 0
github.com/agentstation/vhs/syntax.go:69.21,71.17 2 0
github.com/agentstation/vhs/syntax.go:72.18,73.22 1 0
github.com/agentstation/vhs/syntax.go:74.11,75.22 1 0
github.com/agentstation/vhs/syntax.go:78.2,79.19 2 0
github.com/agentstation/vhs/syntax.go:84.30,86.2 1 0
github.com/agentstation/vhs/syntax.go:90.28,92.2 1 0
github.com/agentstation/vhs/testing.go:17.39,21.2 1 0
github.com/agentstation/vhs/testing.go:32.34,35.17 2 0
github.com/agentstation/vhs/testing.go:35.17,37.17 2 0
github.com/agentstation/vhs/testing.go:37.17,40.4 2 0
github.com/agentstation/vhs/testing.go:41.3,41.47 1 0
github.com/agentstation/vhs/testing.go:43.2,43.16 1 0
github.com/agentstation/vhs/testing.go:43.16,45.3 1 0
github.com/agentstation/vhs/testing.go:47.2,48.16 2 0
github.com/agentstation/vhs/testing.go:48.16,50.3 1 0
github.com/agentstation/vhs/testing.go:52.2,52.29 1 0
github.com/agentstation/vhs/testing.go:52.29,54.17 2 0
github.com/agentstation/vhs/testing.go:54.17,56.4 1 0
github.com/agentstation/vhs/testing.go:59.2,60.16 2 0
github.com/agentstation/vhs/testing.go:60.16,62.3 1 0
github.com/agentstation/vhs/testing.go:64.2,64.12 1 0
github.com/agentstation/vhs/testing.go:68.42,71.16 2 0
github.com/agentstation/vhs/testing.go:71.16,73.3 1 0
github.com/agentstation/vhs/testing.go:75.2,77.27 3 0
github.com/agentstation/vhs/testing.go:77.27,79.3 1 0
github.com/agentstation/vhs/testing.go:81.2,81.19 1 0
github.com/agentstation/vhs/testing.go:85.45,87.16 2 0
github.com/agentstation/vhs/testing.go:87.16,89.3 1 0
github.com/agentstation/vhs/testing.go:91.2,91.29 1 0
github.com/agentstation/vhs/themes.go:55.32,57.16 2 0
github.com/agentstation/vhs/themes.go:57.16,60.3 2 0
github.com/agentstation/vhs/themes.go:61.2,61.19 1 0
github.com/agentstation/vhs/themes.go:117.34,117.47 1 1
github.com/agentstation/vhs/themes.go:118.34,118.47 1 1
github.com/agentstation/vhs/themes.go:119.34,119.47 1 1
github.com/agentstation/vhs/themes.go:130.44,131.29 1 1
github.com/agentstation/vhs/themes.go:131.29,133.3 1 0
github.com/agentstation/vhs/themes.go:135.2,138.3 1 1
github.com/agentstation/vhs/themes.go:142.43,144.42 2 1
github.com/agentstation/vhs/themes.go:144.42,146.17 2 1
github.com/agentstation/vhs/themes.go:146.17,148.4 1 0
github.com/agentstation/vhs/themes.go:150.3,150.32 1 1
github.com/agentstation/vhs/themes.go:150.32,152.4 1 1
github.com/agentstation/vhs/themes.go:154.2,154.39 1 1
github.com/agentstation/vhs/themes.go:154.39,156.3 1 1
github.com/agentstation/vhs/themes.go:157.2,157.18 1 1
github.com/agentstation/vhs/themes.go:163.44,164.42 1 1
github.com/agentstation/vhs/themes.go:164.42,166.17 2 1
github.com/agentstation/vhs/themes.go:166.17,168.4 1 0
github.com/agentstation/vhs/themes.go:170.3,170.32 1 1
github.com/agentstation/vhs/themes.go:170.32,171.26 1 1
github.com/agentstation/vhs/themes.go:171.26,173.5 1 1
github.com/agentstation/vhs/themes.go:178.2,179.16 2 1
github.com/agentstation/vhs/themes.go:179.16,181.3 1 0
github.com/agentstation/vhs/themes.go:183.2,185.29 3 1
github.com/agentstation/vhs/themes.go:185.29,190.46 5 1
github.com/agentstation/vhs/themes.go:190.46,192.4 1 1
github.com/agentstation/vhs/themes.go:194.2,194.60 1 1
github.com/agentstation/vhs/themes.go:197.47,199.53 2 1
github.com/agentstation/vhs/themes.go:199.53,201.3 1 0
github.com/agentstation/vhs/themes.go:202.2,202.20 1 1
github.com/agentstation/vhs/tty.go:20.23,24.2 3 0
github.com/agentstation/vhs/tty.go:27.51,42.22 4 0
github.com/agentstation/vhs/tty.go:42.22,44.3 1 0
github.com/agentstation/vhs/tty.go:45.2,45.12 1 0
github.com/agentstation/vhs/vhs.go:94.46,96.2 1 1
github.com/agentstation/vhs/vhs.go:99.37,103.2 1 0
github.com/agentstation/vhs/vhs.go:106.34,127.2 5 0
github.com/agentstation/vhs/vhs.go:130.16,138.2 3 0
github.com/agentstation/vhs/vhs.go:141.31,145.17 3 0
github.com/agentstation/vhs/vhs.go:145.17,147.3 1 0
github.com/agentstation/vhs/vhs.go:149.2,151.40 3 0
github.com/agentstation/vhs/vhs.go:151.40,153.3 1 0
github.com/agentstation/vhs/vhs.go:155.2,158.16 4 0
github.com/agentstation/vhs/vhs.go:158.16,160.3 1 0
github.com/agentstation/vhs/vhs.go:161.2,163.16 3 0
github.com/agentstation/vhs/vhs.go:163.16,165.3 1 0
github.com/agentstation/vhs/vhs.go:168.2,168.30 1 0
github.com/agentstation/vhs/vhs.go:168.30,169.60 1 0
github.com/agentstation/vhs/vhs.go:169.60,170.31 1 0
github.com/agentstation/vhs/vhs.go:170.31,172.5 1 0
github.com/agentstation/vhs/vhs.go:176.2,180.12 5 0
github.com/agentstation/vhs/vhs.go:185.25,190.46 3 0
github.com/agentstation/vhs/vhs.go:190.46,192.3 1 0
github.com/agentstation/vhs/vhs.go:193.2,194.45 2 0
github.com/agentstation/vhs/vhs.go:194.45,196.3 1 0
github.com/agentstation/vhs/vhs.go:197.2,215.49 9 0
github.com/agentstation/vhs/vhs.go:224.35,234.2 3 0
github.com/agentstation/vhs/vhs.go:239.33,241.16 2 0
github.com/agentstation/vhs/vhs.go:241.16,243.3 1 0
github.com/agentstation/vhs/vhs.go:244.2,244.51 1 0
github.com/agentstation/vhs/vhs.go:248.32,250.46 1 0
github.com/agentstation/vhs/vhs.go:250.46,252.3 1 0
github.com/agentstation/vhs/vhs.go:255.2,255.36 1 0
github.com/agentstation/vhs/vhs.go:255.36,258.3 2 0
github.com/agentstation/vhs/vhs.go:261.2,267.27 6 0
github.com/agentstation/vhs/vhs.go:267.27,268.17 1 0
github.com/agentstation/vhs/vhs.go:268.17,269.12 1 0
github.com/agentstation/vhs/vhs.go:271.3,272.17 2 0
github.com/agentstation/vhs/vhs.go:272.17,274.4 1 0
github.com/agentstation/vhs/vhs.go:278.2,278.37 1 0
github.com/agentstation/vhs/vhs.go:278.37,280.3 1 0
github.com/agentstation/vhs/vhs.go:282.2,282.12 1 0
github.com/agentstation/vhs/vhs.go:286.41,287.26 1 0
github.com/agentstation/vhs/vhs.go:287.26,289.3 1 0
github.com/agentstation/vhs/vhs.go:291.2,300.27 4 0
github.com/agentstation/vhs/vhs.go:300.27,302.3 1 0
github.com/agentstation/vhs/vhs.go:305.2,316.62 7 0
github.com/agentstation/vhs/vhs.go:316.62,318.25 2 0
github.com/agentstation/vhs/vhs.go:318.25,324.18 3 0
github.com/agentstation/vhs/vhs.go:324.18,326.5 1 0
github.com/agentstation/vhs/vhs.go:329.3,330.25 2 0
github.com/agentstation/vhs/vhs.go:330.25,336.18 3 0
github.com/agentstation/vhs/vhs.go:336.18,338.5 1 0
github.com/agentstation/vhs/vhs.go:342.2,342.12 1 0
github.com/agentstation/vhs/vhs.go:342.12,345.3 2 0
github.com/agentstation/vhs/vhs.go:347.2,347.9 1 0
github.com/agentstation/vhs/vhs.go:348.16,349.13 1 0
github.com/agentstation/vhs/vhs.go:350.22,352.13 1 0
github.com/agentstation/vhs/vhs.go:359.58,364.12 3 0
github.com/agentstation/vhs/vhs.go:364.12,367.7 3 0
github.com/agentstation/vhs/vhs.go:367.7,368.11 1 0
github.com/agentstation/vhs/vhs.go:369.22,377.11 4 0
github.com/agentstation/vhs/vhs.go:379.52,383.23 2 0
github.com/agentstation/vhs/vhs.go:383.23,384.14 1 0
github.com/agentstation/vhs/vhs.go:386.5,386.24 1 0
github.com/agentstation/vhs/vhs.go:386.24,387.14 1 0
github.com/agentstation/vhs/vhs.go:390.5,392.43 3 0
github.com/agentstation/vhs/vhs.go:392.43,394.14 2 0
github.com/agentstation/vhs/vhs.go:397.5,402.19 2 0
github.com/agentstation/vhs/vhs.go:402.19,404.14 2 0
github.com/agentstation/vhs/vhs.go:406.5,410.19 1 0
github.com/agentstation/vhs/vhs.go:410.19,412.14 2 0
github.com/agentstation/vhs/vhs.go:416.5,416.43 1 0
github.com/agentstation/vhs/vhs.go:416.43,418.20 2 0
github.com/agentstation/vhs/vhs.go:418.20,420.7 1 0
github.com/agentstation/vhs/vhs.go:420.12,420.32 1 0
github.com/agentstation/vhs/vhs.go:420.32,422.7 1 0
github.com/agentstation/vhs/vhs.go:426.5,426.44 1 0
github.com/agentstation/vhs/vhs.go:426.44,428.6 1 0
github.com/agentstation/vhs/vhs.go:433.2,433.11 1 0
github.com/agentstation/vhs/vhs.go:437.35,442.2 3 0
github.com/agentstation/vhs/vhs.go:445.34,450.2 3 0
github.com/agentstation/vhs/vhs.go:453.50,458.2 3 0
github.com/agentstation/vhs/video.go:34.25,36.16 2 0
github.com/agentstation/vhs/video.go:36.16,38.3 1 0
github.com/agentstation/vhs/video.go:39.2,39.12 1 0
github.com/agentstation/vhs/video.go:70.41,79.2 1 0
github.com/agentstation/vhs/video.go:81.48,83.2 1 0
github.com/agentstation/vhs/video.go:86.64,87.22 1 0
github.com/agentstation/vhs/video.go:87.22,89.3 1 0
github.com/agentstation/vhs/video.go:91.2,98.3 3 0
github.com/agentstation/vhs/video.go:103.31,105.16 2 1
github.com/agentstation/vhs/video.go:105.16,107.3 1 1
github.com/agentstation/vhs/video.go:111.65,141.34 7 0
github.com/agentstation/vhs/video.go:142.11,143.42 1 0
github.com/agentstation/vhs/video.go:144.12,145.43 1 0
github.com/agentstation/vhs/video.go:146.11,147.42 1 0
github.com/agentstation/vhs/video.go:150.2,154.13 4 0
github.com/agentstation/vhs/video.go:158.43,160.2 1 0
github.com/agentstation/vhs/video.go:163.44,165.2 1 0
github.com/agentstation/vhs/video.go:168.43,170.2 1 0
github.com/agentstation/vhs/video.go:173.28,175.63 2 1
github.com/agentstation/vhs/video.go:175.63,176.39 1 1
github.com/agentstation/vhs/video.go:176.39,178.4 1 1
github.com/agentstation/vhs/video.go:178.9,180.4 1 1
github.com/agentstation/vhs/video.go:181.3,181.13 1 1
github.com/agentstation/vhs/video.go:184.2,213.92 7 1
github.com/agentstation/vhs/video.go:213.92,215.3 1 1
github.com/agentstation/vhs/video.go:217.2,217.12 1 1
github.com/agentstation/vhs/token/token.go:177.29,178.11 1 0
github.com/agentstation/vhs/token/token.go:182.140,183.14 1 0
github.com/agentstation/vhs/token/token.go:184.10,185.15 1 0
github.com/agentstation/vhs/token/token.go:190.29,191.11 1 0
github.com/agentstation/vhs/token/token.go:195.74,196.14 1 0
github.com/agentstation/vhs/token/token.go:197.10,198.15 1 0
github.com/agentstation/vhs/token/token.go:203.30,205.2 1 0
github.com/agentstation/vhs/token/token.go:208.31,209.34 1 0
github.com/agentstation/vhs/token/token.go:209.34,211.3 1 0
github.com/agentstation/vhs/token/token.go:212.2,212.18 1 0
github.com/agentstation/vhs/token/token.go:216.31,218.26 2 1
github.com/agentstation/vhs/token/token.go:218.26,221.3 2 1
github.com/agentstation/vhs/token/token.go:223.2,223.32 1 1
github.com/agentstation/vhs/token/token.go:229.42,230.34 1 0
github.com/agentstation/vhs/token/token.go:230.34,232.3 1 0
github.com/agentstation/vhs/token/token.go:233.2,233.15 1 0
github.com/agentstation/vhs/parser/parser.go:18.52,23.2 1 1
github.com/agentstation/vhs/parser/parser.go:62.38,62.73 1 0
github.com/agentstation/vhs/parser/parser.go:74.34,75.21 1 0
github.com/agentstation/vhs/parser/parser.go:75.21,77.3 1 0
github.com/agentstation/vhs/parser/parser.go:78.2,78.48 1 0
github.com/agentstation/vhs/parser/parser.go:90.32,92.2 1 1
github.com/agentstation/vhs/parser/parser.go:95.31,97.2 1 0
github.com/agentstation/vhs/parser/parser.go:108.34,116.2 4 1
github.com/agentstation/vhs/parser/parser.go:120.36,123.30 2 1
github.com/agentstation/vhs/parser/parser.go:123.30,124.34 1 1
github.com/agentstation/vhs/parser/parser.go:124.34,126.12 2 1
github.com/agentstation/vhs/parser/parser.go:128.3,129.16 2 1
github.com/agentstation/vhs/parser/parser.go:132.2,132.13 1 1
github.com/agentstation/vhs/parser/parser.go:136.43,137.20 1 1
github.com/agentstation/vhs/parser/parser.go:150.19,151.48 1 1
github.com/agentstation/vhs/parser/parser.go:152.17,153.33 1 1
github.com/agentstation/vhs/parser/parser.go:154.20,155.36 1 1
github.com/agentstation/vhs/parser/parser.go:156.19,157.35 1 1
github.com/agentstation/vhs/parser/parser.go:158.18,159.34 1 1
github.com/agentstation/vhs/parser/parser.go:160.18,161.34 1 1
github.com/agentstation/vhs/parser/parser.go:162.17,163.33 1 1
github.com/agentstation/vhs/parser/parser.go:164.19,165.35 1 0
github.com/agentstation/vhs/parser/parser.go:166.18,167.34 1 1
github.com/agentstation/vhs/parser/parser.go:168.21,169.37 1 0
github.com/agentstation/vhs/parser/parser.go:170.18,171.34 1 1
github.com/agentstation/vhs/parser/parser.go:172.18,173.34 1 1
github.com/agentstation/vhs/parser/parser.go:174.20,175.25 1 1
github.com/agentstation/vhs/parser/parser.go:176.24,177.40 1 1
github.com/agentstation/vhs/parser/parser.go:178.18,179.34 1 0
github.com/agentstation/vhs/parser/parser.go:180.19,181.35 1 0
github.com/agentstation/vhs/parser/parser.go:182.17,183.33 1 0
github.com/agentstation/vhs/parser/parser.go:184.10,186.42 2 1
github.com/agentstation/vhs/parser/parser.go:190.38,193.31 2 1
github.com/agentstation/vhs/parser/parser.go:193.31,195.94 2 1
github.com/agentstation/vhs/parser/parser.go:195.94,198.4 2 0
github.com/agentstation/vhs/parser/parser.go:199.3,200.16 2 1
github.com/agentstation/vhs/parser/parser.go:201.8,203.3 1 1
github.com/agentstation/vhs/parser/parser.go:205.2,206.23 2 1
github.com/agentstation/vhs/parser/parser.go:206.23,208.15 2 1
github.com/agentstation/vhs/parser/parser.go:208.15,211.4 2 0
github.com/agentstation/vhs/parser/parser.go:214.2,214.32 1 1
github.com/agentstation/vhs/parser/parser.go:214.32,217.3 1 1
github.com/agentstation/vhs/parser/parser.go:218.2,219.57 2 1
github.com/agentstation/vhs/parser/parser.go:219.57,222.3 2 0
github.com/agentstation/vhs/parser/parser.go:224.2,226.12 2 1
github.com/agentstation/vhs/parser/parser.go:235.38,236.29 1 1
github.com/agentstation/vhs/parser/parser.go:236.29,239.3 2 1
github.com/agentstation/vhs/parser/parser.go:240.2,240.11 1 1
github.com/agentstation/vhs/parser/parser.go:249.39,250.33 1 1
github.com/agentstation/vhs/parser/parser.go:250.33,254.3 3 1
github.com/agentstation/vhs/parser/parser.go:256.2,256.12 1 1
github.com/agentstation/vhs/parser/parser.go:262.37,265.33 2 1
github.com/agentstation/vhs/parser/parser.go:265.33,268.3 2 1
github.com/agentstation/vhs/parser/parser.go:268.8,271.3 2 1
github.com/agentstation/vhs/parser/parser.go:274.2,274.103 1 1
github.com/agentstation/vhs/parser/parser.go:274.103,277.3 2 1
github.com/agentstation/vhs/parser/parser.go:277.8,279.3 1 1
github.com/agentstation/vhs/parser/parser.go:281.2,281.10 1 1
github.com/agentstation/vhs/parser/parser.go:291.38,295.32 3 1
github.com/agentstation/vhs/parser/parser.go:295.32,300.61 3 1
github.com/agentstation/vhs/parser/parser.go:300.61,301.24 1 1
github.com/agentstation/vhs/parser/parser.go:301.24,305.13 3 1
github.com/agentstation/vhs/parser/parser.go:308.4,310.12 3 1
github.com/agentstation/vhs/parser/parser.go:313.3,316.10 2 1
github.com/agentstation/vhs/parser/parser.go:326.56,327.37 1 1
github.com/agentstation/vhs/parser/parser.go:328.11,332.65 1 1
github.com/agentstation/vhs/parser/parser.go:335.3,335.16 1 1
github.com/agentstation/vhs/parser/parser.go:338.2,338.20 1 1
github.com/agentstation/vhs/parser/parser.go:338.20,340.3 1 1
github.com/agentstation/vhs/parser/parser.go:342.2,343.50 2 1
github.com/agentstation/vhs/parser/parser.go:350.37,351.31 1 1
github.com/agentstation/vhs/parser/parser.go:351.31,357.29 2 1
github.com/agentstation/vhs/parser/parser.go:357.29,361.4 3 1
github.com/agentstation/vhs/parser/parser.go:364.2,365.33 2 0
github.com/agentstation/vhs/parser/parser.go:376.39,377.31 1 0
github.com/agentstation/vhs/parser/parser.go:377.31,383.29 2 0
github.com/agentstation/vhs/parser/parser.go:383.29,387.4 3 0
github.com/agentstation/vhs/parser/parser.go:390.2,391.35 2 0
github.com/agentstation/vhs/parser/parser.go:398.55,403.2 4 1
github.com/agentstation/vhs/parser/parser.go:409.40,412.33 2 1
github.com/agentstation/vhs/parser/parser.go:412.33,415.3 2 0
github.com/agentstation/vhs/parser/parser.go:417.2,418.15 2 1
github.com/agentstation/vhs/parser/parser.go:418.15,420.3 1 1
github.com/agentstation/vhs/parser/parser.go:420.8,422.46 2 0
github.com/agentstation/vhs/parser/parser.go:422.46,424.4 1 0
github.com/agentstation/vhs/parser/parser.go:427.2,429.12 3 1
github.com/agentstation/vhs/parser/parser.go:436.37,439.34 2 1
github.com/agentstation/vhs/parser/parser.go:439.34,441.3 1 1
github.com/agentstation/vhs/parser/parser.go:441.8,443.3 1 0
github.com/agentstation/vhs/parser/parser.go:444.2,446.20 2 1
github.com/agentstation/vhs/parser/parser.go:447.26,448.27 1 1
github.com/agentstation/vhs/parser/parser.go:449.26,452.17 3 1
github.com/agentstation/vhs/parser/parser.go:452.17,454.4 1 0
github.com/agentstation/vhs/parser/parser.go:455.3,455.16 1 1
github.com/agentstation/vhs/parser/parser.go:456.25,462.35 4 1
github.com/agentstation/vhs/parser/parser.go:462.35,464.4 1 1
github.com/agentstation/vhs/parser/parser.go:465.26,471.33 3 1
github.com/agentstation/vhs/parser/parser.go:471.33,474.4 2 1
github.com/agentstation/vhs/parser/parser.go:474.9,474.42 1 1
github.com/agentstation/vhs/parser/parser.go:474.42,476.4 1 1
github.com/agentstation/vhs/parser/parser.go:477.24,482.35 4 0
github.com/agentstation/vhs/parser/parser.go:482.35,487.4 1 0
github.com/agentstation/vhs/parser/parser.go:488.25,495.41 4 0
github.com/agentstation/vhs/parser/parser.go:495.41,498.42 2 0
github.com/agentstation/vhs/parser/parser.go:498.42,506.5 1 0
github.com/agentstation/vhs/parser/parser.go:508.26,512.34 3 1
github.com/agentstation/vhs/parser/parser.go:512.34,517.4 1 0
github.com/agentstation/vhs/parser/parser.go:519.10,521.16 2 1
github.com/agentstation/vhs/parser/parser.go:524.2,524.12 1 1
github.com/agentstation/vhs/parser/parser.go:531.39,535.2 3 1
github.com/agentstation/vhs/parser/parser.go:540.38,543.2 2 1
github.com/agentstation/vhs/parser/parser.go:548.41,551.33 2 0
github.com/agentstation/vhs/parser/parser.go:551.33,553.3 1 0
github.com/agentstation/vhs/parser/parser.go:555.2,558.12 3 0
github.com/agentstation/vhs/parser/parser.go:564.38,567.2 2 1
github.com/agentstation/vhs/parser/parser.go:573.38,578.33 3 1
github.com/agentstation/vhs/parser/parser.go:578.33,580.3 1 1
github.com/agentstation/vhs/parser/parser.go:582.2,582.34 1 1
github.com/agentstation/vhs/parser/parser.go:582.34,594.34 3 1
github.com/agentstation/vhs/parser/parser.go:594.34,596.4 1 0
github.com/agentstation/vhs/parser/parser.go:599.2,599.12 1 1
github.com/agentstation/vhs/parser/parser.go:606.38,609.33 2 0
github.com/agentstation/vhs/parser/parser.go:609.33,611.3 1 0
github.com/agentstation/vhs/parser/parser.go:612.2,612.34 1 0
github.com/agentstation/vhs/parser/parser.go:612.34,624.34 3 0
github.com/agentstation/vhs/parser/parser.go:624.34,626.4 1 0
github.com/agentstation/vhs/parser/parser.go:628.2,628.12 1 0
github.com/agentstation/vhs/parser/parser.go:635.39,638.2 2 0
github.com/agentstation/vhs/parser/parser.go:644.37,650.33 4 0
github.com/agentstation/vhs/parser/parser.go:650.33,652.3 1 0
github.com/agentstation/vhs/parser/parser.go:654.2,657.12 3 0
github.com/agentstation/vhs/parser/parser.go:664.42,667.33 2 1
github.com/agentstation/vhs/parser/parser.go:667.33,671.3 3 1
github.com/agentstation/vhs/parser/parser.go:673.2,677.20 3 1
github.com/agentstation/vhs/parser/parser.go:677.20,681.3 3 1
github.com/agentstation/vhs/parser/parser.go:684.2,684.52 1 1
github.com/agentstation/vhs/parser/parser.go:684.52,689.3 4 1
github.com/agentstation/vhs/parser/parser.go:692.2,693.16 2 1
github.com/agentstation/vhs/parser/parser.go:693.16,698.3 4 0
github.com/agentstation/vhs/parser/parser.go:700.2,702.23 2 1
github.com/agentstation/vhs/parser/parser.go:702.23,707.3 4 0
github.com/agentstation/vhs/parser/parser.go:709.2,714.30 4 1
github.com/agentstation/vhs/parser/parser.go:714.30,715.31 1 1
github.com/agentstation/vhs/parser/parser.go:715.31,719.4 3 1
github.com/agentstation/vhs/parser/parser.go:723.2,724.24 2 1
github.com/agentstation/vhs/parser/parser.go:724.24,728.3 3 0
github.com/agentstation/vhs/parser/parser.go:730.2,731.33 2 1
github.com/agentstation/vhs/parser/parser.go:731.33,734.32 1 1
github.com/agentstation/vhs/parser/parser.go:734.32,735.12 1 0
github.com/agentstation/vhs/parser/parser.go:737.3,737.38 1 1
github.com/agentstation/vhs/parser/parser.go:740.2,741.17 2 1
github.com/agentstation/vhs/parser/parser.go:748.44,751.33 2 1
github.com/agentstation/vhs/parser/parser.go:751.33,755.3 3 1
github.com/agentstation/vhs/parser/parser.go:757.2,761.19 3 1
github.com/agentstation/vhs/parser/parser.go:761.19,765.3 3 1
github.com/agentstation/vhs/parser/parser.go:767.2,770.12 3 0
github.com/agentstation/vhs/parser/parser.go:774.35,776.2 1 1
github.com/agentstation/vhs/parser/parser.go:780.30,783.2 2 1
github.com/agentstation/vhs/parser/parser.go:786.38,790.2 1 0
